16:12:49,317 INFO  [org.jboss.modules] JBoss Modules version 1.1.1.GA
16:12:49,516 INFO  [org.jboss.msc] JBoss MSC version 1.0.2.GA
16:12:49,578 INFO  [org.jboss.as] JBAS015899: JBoss AS 7.1.1.Final "Brontes" starting
16:12:49,580 DEBUG [org.jboss.as.config] Configured system properties:
	awt.nativeDoubleBuffering = true
	awt.toolkit = apple.awt.CToolkit
	file.encoding = US-ASCII
	file.encoding.pkg = sun.io
	file.separator = /
	ftp.nonProxyHosts = local|*.local|169.254/16|*.169.254/16
	gopherProxySet = false
	http.nonProxyHosts = local|*.local|169.254/16|*.169.254/16
	java.awt.graphicsenv = apple.awt.CGraphicsEnvironment
	java.awt.headless = true
	java.awt.printerjob = apple.awt.CPrinterJob
	java.class.path = /Users/Leander/Projects/Game.Dev/The-Game/Server-runtime/jboss-as-7.1.1.Final/jboss-modules.jar
	java.class.version = 50.0
	java.endorsed.dirs = /System/Library/Java/JavaVirtualMachines/1.6.0.jdk/Contents/Home/lib/endorsed
	java.ext.dirs = /Library/Java/Extensions:/System/Library/Java/Extensions:/System/Library/Java/JavaVirtualMachines/1.6.0.jdk/Contents/Home/lib/ext
	java.home = /System/Library/Java/JavaVirtualMachines/1.6.0.jdk/Contents/Home
	java.io.tmpdir = /var/folders/3h/c89tmsfn2dd0tfmztcl630dc0000gn/T/
	java.library.path = .:/Library/Java/Extensions:/System/Library/Java/Extensions:/usr/lib/java
	java.net.preferIPv4Stack = true
	java.runtime.name = Java(TM) SE Runtime Environment
	java.runtime.version = 1.6.0_45-b06-451-11M4406
	java.specification.name = Java Platform API Specification
	java.specification.vendor = Sun Microsystems Inc.
	java.specification.version = 1.6
	java.util.logging.manager = org.jboss.logmanager.LogManager
	java.vendor = Apple Inc.
	java.vendor.url = http://www.apple.com/
	java.vendor.url.bug = http://bugreport.apple.com/
	java.version = 1.6.0_45
	java.vm.info = mixed mode
	java.vm.name = Java HotSpot(TM) 64-Bit Server VM
	java.vm.specification.name = Java Virtual Machine Specification
	java.vm.specification.vendor = Sun Microsystems Inc.
	java.vm.specification.version = 1.0
	java.vm.vendor = Apple Inc.
	java.vm.version = 20.45-b01-451
	javax.management.builder.initial = org.jboss.as.jmx.PluggableMBeanServerBuilder
	javax.xml.datatype.DatatypeFactory = __redirected.__DatatypeFactory
	javax.xml.parsers.DocumentBuilderFactory = __redirected.__DocumentBuilderFactory
	javax.xml.parsers.SAXParserFactory = __redirected.__SAXParserFactory
	javax.xml.stream.XMLEventFactory = __redirected.__XMLEventFactory
	javax.xml.stream.XMLInputFactory = __redirected.__XMLInputFactory
	javax.xml.stream.XMLOutputFactory = __redirected.__XMLOutputFactory
	javax.xml.transform.TransformerFactory = __redirected.__TransformerFactory
	javax.xml.validation.SchemaFactory:http://www.w3.org/2001/XMLSchema = __redirected.__SchemaFactory
	javax.xml.xpath.XPathFactory:http://java.sun.com/jaxp/xpath/dom = __redirected.__XPathFactory
	jboss.bind.address = localhost
	jboss.home.dir = /Users/Leander/Projects/Game.Dev/The-Game/Server-runtime/jboss-as-7.1.1.Final
	jboss.host.name = dyn-223
	jboss.modules.dir = /Users/Leander/Projects/Game.Dev/The-Game/Server-runtime/jboss-as-7.1.1.Final/modules
	jboss.modules.system.pkgs = org.jboss.byteman
	jboss.node.name = dyn-223
	jboss.qualified.host.name = dyn-223.ruf.uni-freiburg.de
	jboss.server.base.dir = /Users/Leander/Projects/Game.Dev/The-Game/Server-runtime/jboss-as-7.1.1.Final/standalone
	jboss.server.config.dir = /Users/Leander/Projects/Game.Dev/The-Game/Server-runtime/jboss-as-7.1.1.Final/standalone/configuration
	jboss.server.data.dir = /Users/Leander/Projects/Game.Dev/The-Game/Server-runtime/jboss-as-7.1.1.Final/standalone/data
	jboss.server.deploy.dir = /Users/Leander/Projects/Game.Dev/The-Game/Server-runtime/jboss-as-7.1.1.Final/standalone/data/content
	jboss.server.log.dir = /Users/Leander/Projects/Game.Dev/The-Game/Server-runtime/jboss-as-7.1.1.Final/standalone/log
	jboss.server.name = dyn-223
	jboss.server.temp.dir = /Users/Leander/Projects/Game.Dev/The-Game/Server-runtime/jboss-as-7.1.1.Final/standalone/tmp
	line.separator = 

	logging.configuration = file:/Users/Leander/Projects/Game.Dev/The-Game/Server-runtime/jboss-as-7.1.1.Final/standalone/configuration/logging.properties
	module.path = /Users/Leander/Projects/Game.Dev/The-Game/Server-runtime/jboss-as-7.1.1.Final/modules
	mrj.build = 11M4406
	mrj.version = 1070.1.6.0_45-451
	org.jboss.boot.log.file = /Users/Leander/Projects/Game.Dev/The-Game/Server-runtime/jboss-as-7.1.1.Final/standalone/log/boot.log
	org.jboss.resolver.warning = true
	org.xml.sax.driver = __redirected.__XMLReaderFactory
	os.arch = x86_64
	os.name = Mac OS X
	os.version = 10.8.3
	path.separator = :
	socksNonProxyHosts = local|*.local|169.254/16|*.169.254/16
	sun.arch.data.model = 64
	sun.boot.class.path = /System/Library/Java/JavaVirtualMachines/1.6.0.jdk/Contents/Classes/jsfd.jar:/System/Library/Java/JavaVirtualMachines/1.6.0.jdk/Contents/Classes/classes.jar:/System/Library/Frameworks/JavaVM.framework/Frameworks/JavaRuntimeSupport.framework/Resources/Java/JavaRuntimeSupport.jar:/System/Library/Java/JavaVirtualMachines/1.6.0.jdk/Contents/Classes/ui.jar:/System/Library/Java/JavaVirtualMachines/1.6.0.jdk/Contents/Classes/laf.jar:/System/Library/Java/JavaVirtualMachines/1.6.0.jdk/Contents/Classes/sunrsasign.jar:/System/Library/Java/JavaVirtualMachines/1.6.0.jdk/Contents/Classes/jsse.jar:/System/Library/Java/JavaVirtualMachines/1.6.0.jdk/Contents/Classes/jce.jar:/System/Library/Java/JavaVirtualMachines/1.6.0.jdk/Contents/Classes/charsets.jar
	sun.boot.library.path = /System/Library/Java/JavaVirtualMachines/1.6.0.jdk/Contents/Libraries
	sun.cpu.endian = little
	sun.cpu.isalist = 
	sun.io.unicode.encoding = UnicodeLittle
	sun.java.command = org.jboss.modules.Main -mp /Users/Leander/Projects/Game.Dev/The-Game/Server-runtime/jboss-as-7.1.1.Final/modules -jaxpmodule javax.xml.jaxp-provider org.jboss.as.standalone -b localhost --server-config=standalone.xml
	sun.java.launcher = SUN_STANDARD
	sun.jnu.encoding = MacRoman
	sun.management.compiler = HotSpot 64-Bit Tiered Compilers
	sun.os.patch.level = unknown
	sun.rmi.dgc.client.gcInterval = 3600000
	sun.rmi.dgc.server.gcInterval = 3600000
	user.country = US
	user.dir = /Users/Leander/Projects/Game.Dev/The-Game/Server-runtime/jboss-as-7.1.1.Final/bin
	user.home = /Users/Leander
	user.language = en
	user.name = Leander
	user.timezone = Europe/Berlin
16:12:49,595 DEBUG [org.jboss.as.config] VM Arguments: -Xserver -Xms64m -Xmx512m -XX:MaxPermSize=256m -Djava.net.preferIPv4Stack=true -Dorg.jboss.resolver.warning=true -Dsun.rmi.dgc.client.gcInterval=3600000 -Dsun.rmi.dgc.server.gcInterval=3600000 -Djboss.modules.system.pkgs=org.jboss.byteman -Djava.awt.headless=true -Dorg.jboss.boot.log.file=/Users/Leander/Projects/Game.Dev/The-Game/Server-runtime/jboss-as-7.1.1.Final/standalone/log/boot.log -Dlogging.configuration=file:/Users/Leander/Projects/Game.Dev/The-Game/Server-runtime/jboss-as-7.1.1.Final/standalone/configuration/logging.properties -Djboss.home.dir=/Users/Leander/Projects/Game.Dev/The-Game/Server-runtime/jboss-as-7.1.1.Final -Dfile.encoding=US-ASCII 
16:12:50,302 INFO  [org.xnio] XNIO Version 3.0.3.GA
16:12:50,302 INFO  [org.jboss.as.server] JBAS015888: Creating http management service using socket-binding (management-http)
16:12:50,309 INFO  [org.xnio.nio] XNIO NIO Implementation Version 3.0.3.GA
16:12:50,314 INFO  [org.jboss.remoting] JBoss Remoting version 3.2.3.GA
16:12:50,326 INFO  [org.jboss.as.logging] JBAS011502: Removing bootstrap log handlers
