#
# A fatal error has been detected by the Java Runtime Environment:
#
#  SIGSEGV (0xb) at pc=0x0000000158868a64, pid=22729, tid=5891
#
# JRE version: 7.0_10-b18
# Java VM: Java HotSpot(TM) 64-Bit Server VM (23.6-b04 mixed mode bsd-amd64 compressed oops)
# Problematic frame:
# C  [liblwawt.dylib+0xda64]  JNI_OnLoad+0x96
#
# Failed to write core dump. Core dumps have been disabled. To enable core dumping, try "ulimit -c unlimited" before starting Java again
#
# If you would like to submit a bug report, please visit:
#   http://bugreport.sun.com/bugreport/crash.jsp
# The crash happened outside the Java Virtual Machine in native code.
# See problematic frame for where to report the bug.
#

---------------  T H R E A D  ---------------

Current thread (0x00007fd0b2801000):  JavaThread "main" [_thread_in_native, id=5891, stack(0x0000000107253000,0x0000000107353000)]

siginfo:si_signo=SIGSEGV: si_errno=0, si_code=1 (SEGV_MAPERR), si_addr=0x0000000000000000

Registers:
RAX=0x00000001589a82f0, RBX=0x0000000000000000, RCX=0x00000001588a4669, RDX=0x00007fd0b1d61090
RSP=0x00000001073524d0, RBP=0x0000000107352560, RSI=0x00000001073524b4, RDI=0x0000000000000000
R8 =0x00007fd0b1d61108, R9 =0x00000000fffffff0, R10=0x0000000158aa0d08, R11=0x0000000158a8bc6a
R12=0x00007fd0b0c2cc20, R13=0x00000001588689ce, R14=0x0000000106e57ad8, R15=0x00007fd0b1d61110
RIP=0x0000000158868a64, EFLAGS=0x0000000000010202, ERR=0x0000000000000004
  TRAPNO=0x000000000000000e

Top of Stack: (sp=0x00000001073524d0)
0x00000001073524d0:   00007fd0b0c2cc20 0000000000000000
0x00000001073524e0:   00007fff78036200 00007fd0b1d61110
0x00000001073524f0:   0000000107352530 00007fff87b34195
0x0000000107352500:   00000001588e4498 00012068b0c2cdf0
0x0000000107352510:   0000990000009900 00000001588689ce
0x0000000107352520:   000000010737c6a1 00007fd0b1d61110
0x0000000107352530:   95356d023a7c78f6 0000000107352750
0x0000000107352540:   00007fd0b0c2cc20 00000001588689ce
0x0000000107352550:   00007fd0b28011d8 00007fd0b1d61110
0x0000000107352560:   00000001073526c0 00000001073636d1
0x0000000107352570:   00007fd0b1b04768 0000000107352748
0x0000000107352580:   0000000106e57ad8 000000010737c6a1
0x0000000107352590:   00007fd0b2801000 00007fd0b1b04770
0x00000001073525a0:   0000000107352650 0000000106a08382
0x00000001073525b0:   0000000000000000 000000013c2a2c40
0x00000001073525c0:   0000000107352668 0000000107352668
0x00000001073525d0:   0000000107444c63 000000010742d410
0x00000001073525e0:   0000000000000000 0000000000000055
0x00000001073525f0:   00000001073525f0 000000010a500198
0x0000000107352600:   0000000107352670 00000001073525b8
0x0000000107352610:   00000001073525f9 0000000800000001
0x0000000107352620:   0000000000000001 0000000107352628
0x0000000107352630:   000000010a5c1858 0000000107352680
0x0000000107352640:   000000010a5c8de8 0000000000000000
0x0000000107352650:   000000010a5c1870 0000000000000000
0x0000000107352660:   0000000107352678 0000000000000000
0x0000000107352670:   000000013c2a2c40 0000000000000000
0x0000000107352680:   000000013c1b5170 0000000000000001
0x0000000107352690:   95356d023a7c78f6 000000010a693dd8
0x00000001073526a0:   0000000000000000 000000010a693dd8
0x00000001073526b0:   0000000107352750 00007fd0b2801000
0x00000001073526c0:   0000000107352728 0000000107439f90 

Instructions: (pc=0x0000000158868a64)
0x0000000158868a44:   75 03 00 4c 89 f7 e8 89 6e 03 00 48 c7 85 78 ff
0x0000000158868a54:   ff ff 00 00 00 00 48 8b 05 cf 29 06 00 48 8b 38
0x0000000158868a64:   48 8b 07 48 8d b5 78 ff ff ff ba 04 00 01 00 ff
0x0000000158868a74:   50 30 85 c0 75 0a 48 83 bd 78 ff ff ff 00 75 55 

Register to memory mapping:

RAX=0x00000001589a82f0: jvm+0 in /Library/Java/JavaVirtualMachines/jdk1.7.0_10.jdk/Contents/Home/jre/lib/./libawt.dylib at 0x000000015890d000
RBX=0x0000000000000000 is an unknown value
RCX=0x00000001588a4669: sDefaultImageInfo+0x2d79 in /Library/Java/JavaVirtualMachines/jdk1.7.0_10.jdk/Contents/Home/jre/lib/lwawt/liblwawt.dylib at 0x000000015885b000
RDX=0x00007fd0b1d61090 is an unknown value
RSP=0x00000001073524d0 is pointing into the stack for thread: 0x00007fd0b2801000
RBP=0x0000000107352560 is pointing into the stack for thread: 0x00007fd0b2801000
RSI=0x00000001073524b4 is pointing into the stack for thread: 0x00007fd0b2801000
RDI=0x0000000000000000 is an unknown value
R8 =0x00007fd0b1d61108 is an unknown value
R9 =0x00000000fffffff0 is an unknown value
R10=0x0000000158aa0d08: appKitEnv+0x17f8 in /Library/Java/JavaVirtualMachines/jdk1.7.0_10.jdk/Contents/Home/jre/lib/./libosxapp.dylib at 0x0000000158a88000
R11=0x0000000158a8bc6a: OSXAPP_SetJavaVM+0 in /Library/Java/JavaVirtualMachines/jdk1.7.0_10.jdk/Contents/Home/jre/lib/./libosxapp.dylib at 0x0000000158a88000
R12=0x00007fd0b0c2cc20 is an unknown value
R13=0x00000001588689ce: JNI_OnLoad+0 in /Library/Java/JavaVirtualMachines/jdk1.7.0_10.jdk/Contents/Home/jre/lib/lwawt/liblwawt.dylib at 0x000000015885b000
R14=0x0000000106e57ad8: main_vm+0 in /Library/Java/JavaVirtualMachines/jdk1.7.0_10.jdk/Contents/Home/jre/lib/server/libjvm.dylib at 0x00000001067ab000
R15=0x00007fd0b1d61110 is an unknown value


Stack: [0x0000000107253000,0x0000000107353000],  sp=0x00000001073524d0,  free space=1021k
Native frames: (J=compiled Java code, j=interpreted, Vv=VM code, C=native code)
C  [liblwawt.dylib+0xda64]  JNI_OnLoad+0x96
C  [libjava.dylib+0x16d1]  Java_java_lang_ClassLoader_00024NativeLibrary_load+0xcf
j  java.lang.ClassLoader$NativeLibrary.load(Ljava/lang/String;)V+0
j  java.lang.ClassLoader.loadLibrary1(Ljava/lang/Class;Ljava/io/File;)Z+302
j  java.lang.ClassLoader.loadLibrary0(Ljava/lang/Class;Ljava/io/File;)Z+2
j  java.lang.ClassLoader.loadLibrary(Ljava/lang/Class;Ljava/lang/String;Z)V+217
j  java.lang.Runtime.loadLibrary0(Ljava/lang/Class;Ljava/lang/String;)V+54
j  java.lang.System.loadLibrary(Ljava/lang/String;)V+7
j  bucket.game.client.core.MainClientLauncher.main([Ljava/lang/String;)V+2
v  ~StubRoutines::call_stub
V  [libjvm.dylib+0x28855f]
V  [libjvm.dylib+0x28832c]
V  [libjvm.dylib+0x2a3b3a]
V  [libjvm.dylib+0x29cea6]
C  [java+0x317e]  JavaMain+0x91d
C  [libsystem_c.dylib+0x147a2]  _pthread_start+0x147
C  [libsystem_c.dylib+0x11e1]  thread_start+0xd

Java frames: (J=compiled Java code, j=interpreted, Vv=VM code)
j  java.lang.ClassLoader$NativeLibrary.load(Ljava/lang/String;)V+0
j  java.lang.ClassLoader.loadLibrary1(Ljava/lang/Class;Ljava/io/File;)Z+302
j  java.lang.ClassLoader.loadLibrary0(Ljava/lang/Class;Ljava/io/File;)Z+2
j  java.lang.ClassLoader.loadLibrary(Ljava/lang/Class;Ljava/lang/String;Z)V+217
j  java.lang.Runtime.loadLibrary0(Ljava/lang/Class;Ljava/lang/String;)V+54
j  java.lang.System.loadLibrary(Ljava/lang/String;)V+7
j  bucket.game.client.core.MainClientLauncher.main([Ljava/lang/String;)V+2
v  ~StubRoutines::call_stub

---------------  P R O C E S S  ---------------

Java Threads: ( => current thread )
  0x00007fd0b3056000 JavaThread "Service Thread" daemon [_thread_blocked, id=21251, stack(0x00000001585fd000,0x00000001586fd000)]
  0x00007fd0b3055000 JavaThread "C2 CompilerThread1" daemon [_thread_blocked, id=20995, stack(0x00000001584fa000,0x00000001585fa000)]
  0x00007fd0b3053800 JavaThread "C2 CompilerThread0" daemon [_thread_blocked, id=20739, stack(0x00000001583f7000,0x00000001584f7000)]
  0x00007fd0b3050800 JavaThread "Signal Dispatcher" daemon [_thread_blocked, id=20483, stack(0x00000001582f4000,0x00000001583f4000)]
  0x00007fd0b4003000 JavaThread "Finalizer" daemon [_thread_blocked, id=16131, stack(0x00000001580a5000,0x00000001581a5000)]
  0x00007fd0b4002000 JavaThread "Reference Handler" daemon [_thread_blocked, id=15875, stack(0x0000000157fa2000,0x00000001580a2000)]
=>0x00007fd0b2801000 JavaThread "main" [_thread_in_native, id=5891, stack(0x0000000107253000,0x0000000107353000)]

Other Threads:
  0x00007fd0b3047000 VMThread [stack: 0x0000000157e9f000,0x0000000157f9f000] [id=15619]
  0x00007fd0b3047800 WatcherThread [stack: 0x0000000158700000,0x0000000158800000] [id=21507]

VM state:not at safepoint (normal execution)

VM Mutex/Monitor currently owned by a thread: None

Heap
 PSYoungGen      total 20032K, used 1057K [0x000000013c1b0000, 0x000000013d800000, 0x0000000152700000)
  eden space 17216K, 6% used [0x000000013c1b0000,0x000000013c2b8528,0x000000013d280000)
  from space 2816K, 0% used [0x000000013d540000,0x000000013d540000,0x000000013d800000)
  to   space 2816K, 0% used [0x000000013d280000,0x000000013d280000,0x000000013d540000)
 ParOldGen       total 45696K, used 0K [0x000000010f700000, 0x00000001123a0000, 0x000000013c1b0000)
  object space 45696K, 0% used [0x000000010f700000,0x000000010f700000,0x00000001123a0000)
 PSPermGen       total 21248K, used 2769K [0x000000010a500000, 0x000000010b9c0000, 0x000000010f700000)
  object space 21248K, 13% used [0x000000010a500000,0x000000010a7b4448,0x000000010b9c0000)

Card table byte_map: [0x0000000152700000,0x0000000152942000] byte_map_base: 0x0000000151ead800

Polling page: 0x0000000107392000

Code Cache  [0x0000000107428000, 0x0000000107698000, 0x000000010a428000)
 total_blobs=193 nmethods=11 adapters=135 free_code_cache=48756Kb largest_free_block=49909120

Compilation events (10 events):
Event: 0.079 Thread 0x00007fd0b3053800 nmethod 5 0x000000010748b590 code [0x000000010748b6e0, 0x000000010748bb58]
Event: 0.082 Thread 0x00007fd0b3055000 nmethod 2% 0x00000001074891d0 code [0x0000000107489320, 0x00000001074894f8]
Event: 0.082 Thread 0x00007fd0b3053800    6             java.lang.String::indexOf (70 bytes)
Event: 0.084 Thread 0x00007fd0b3055000    3 %           java.io.UnixFileSystem::normalize @ 10 (75 bytes)
Event: 0.085 Thread 0x00007fd0b3053800 nmethod 6 0x000000010748b190 code [0x000000010748b2e0, 0x000000010748b4a8]
Event: 0.088 Thread 0x00007fd0b3053800    7             java.lang.String::charAt (29 bytes)
Event: 0.089 Thread 0x00007fd0b3055000 nmethod 3% 0x000000010748aad0 code [0x000000010748ac40, 0x000000010748af98]
Event: 0.089 Thread 0x00007fd0b3053800 nmethod 7 0x000000010748be90 code [0x000000010748bfe0, 0x000000010748c098]
Event: 0.090 Thread 0x00007fd0b3055000    8             java.io.UnixFileSystem::normalize (75 bytes)
Event: 0.093 Thread 0x00007fd0b3055000 nmethod 8 0x000000010748d390 code [0x000000010748d500, 0x000000010748d758]

GC Heap History (0 events):
No events

Deoptimization events (0 events):
No events

Internal exceptions (10 events):
Event: 0.082 Thread 0x00007fd0b2801000 Threw 0x000000013c27de50 at /HUDSON/workspace/jdk7u10-2-build-macosx-amd64-product/jdk7u10/hotspot/src/share/vm/prims/jvm.cpp:1166
Event: 0.082 Thread 0x00007fd0b2801000 Threw 0x000000013c27df78 at /HUDSON/workspace/jdk7u10-2-build-macosx-amd64-product/jdk7u10/hotspot/src/share/vm/prims/jvm.cpp:1166
Event: 0.083 Thread 0x00007fd0b2801000 Threw 0x000000013c27ea10 at /HUDSON/workspace/jdk7u10-2-build-macosx-amd64-product/jdk7u10/hotspot/src/share/vm/prims/jni.cpp:716
Event: 0.083 Thread 0x00007fd0b2801000 Threw 0x000000013c27eb30 at /HUDSON/workspace/jdk7u10-2-build-macosx-amd64-product/jdk7u10/hotspot/src/share/vm/prims/jvm.cpp:1166
Event: 0.083 Thread 0x00007fd0b2801000 Threw 0x000000013c27ec58 at /HUDSON/workspace/jdk7u10-2-build-macosx-amd64-product/jdk7u10/hotspot/src/share/vm/prims/jvm.cpp:1166
Event: 0.084 Thread 0x00007fd0b2801000 Threw 0x000000013c291390 at /HUDSON/workspace/jdk7u10-2-build-macosx-amd64-product/jdk7u10/hotspot/src/share/vm/prims/jni.cpp:716
Event: 0.084 Thread 0x00007fd0b2801000 Threw 0x000000013c2914b0 at /HUDSON/workspace/jdk7u10-2-build-macosx-amd64-product/jdk7u10/hotspot/src/share/vm/prims/jvm.cpp:1166
Event: 0.084 Thread 0x00007fd0b2801000 Threw 0x000000013c2915d8 at /HUDSON/workspace/jdk7u10-2-build-macosx-amd64-product/jdk7u10/hotspot/src/share/vm/prims/jvm.cpp:1166
Event: 0.084 Thread 0x00007fd0b2801000 Threw 0x000000013c291828 at /HUDSON/workspace/jdk7u10-2-build-macosx-amd64-product/jdk7u10/hotspot/src/share/vm/prims/jvm.cpp:1166
Event: 0.087 Thread 0x00007fd0b2801000 Threw 0x000000013c298b90 at /HUDSON/workspace/jdk7u10-2-build-macosx-amd64-product/jdk7u10/hotspot/src/share/vm/prims/jvm.cpp:1166

Events (10 events):
Event: 0.089 loading class 0x00007fd0b1d4f320
Event: 0.089 loading class 0x00007fd0b1d4f320 done
Event: 0.089 loading class 0x00007fd0b1d5f380
Event: 0.089 loading class 0x00007fd0b1d5f800
Event: 0.089 loading class 0x00007fd0b1d5f800 done
Event: 0.089 loading class 0x00007fd0b1d5f380 done
Event: 0.089 loading class 0x00007fd0b1d5e7a0
Event: 0.090 loading class 0x00007fd0b1d5e7a0 done
Event: 0.090 loading class 0x00007fd0b1d17ea0
Event: 0.090 loading class 0x00007fd0b1d17ea0 done


Dynamic libraries:
0x0000000006c37000 	/System/Library/Frameworks/Cocoa.framework/Versions/A/Cocoa
0x0000000006c37000 	/System/Library/Frameworks/Security.framework/Versions/A/Security
0x0000000006c37000 	/System/Library/Frameworks/ApplicationServices.framework/Versions/A/ApplicationServices
0x0000000006c37000 	/usr/lib/libz.1.dylib
0x0000000006c37000 	/usr/lib/libSystem.B.dylib
0x0000000006c37000 	/usr/lib/libobjc.A.dylib
0x0000000006c37000 	/System/Library/Frameworks/CoreFoundation.framework/Versions/A/CoreFoundation
0x0000000006c37000 	/System/Library/Frameworks/AppKit.framework/Versions/C/AppKit
0x0000000006c37000 	/System/Library/Frameworks/CoreData.framework/Versions/A/CoreData
0x0000000006c37000 	/System/Library/Frameworks/Foundation.framework/Versions/C/Foundation
0x0000000006c37000 	/System/Library/PrivateFrameworks/RemoteViewServices.framework/Versions/A/RemoteViewServices
0x0000000006c37000 	/System/Library/Frameworks/AudioToolbox.framework/Versions/A/AudioToolbox
0x0000000006c37000 	/System/Library/Frameworks/AudioUnit.framework/Versions/A/AudioUnit
0x0000000006c37000 	/System/Library/PrivateFrameworks/DataDetectorsCore.framework/Versions/A/DataDetectorsCore
0x0000000006c37000 	/System/Library/PrivateFrameworks/DesktopServicesPriv.framework/Versions/A/DesktopServicesPriv
0x0000000006c37000 	/System/Library/Frameworks/Carbon.framework/Versions/A/Frameworks/HIToolbox.framework/Versions/A/HIToolbox
0x0000000006c37000 	/System/Library/Frameworks/QuartzCore.framework/Versions/A/QuartzCore
0x0000000006c37000 	/System/Library/Frameworks/Carbon.framework/Versions/A/Frameworks/SpeechRecognition.framework/Versions/A/SpeechRecognition
0x0000000006c37000 	/usr/lib/libauto.dylib
0x0000000006c37000 	/usr/lib/libicucore.A.dylib
0x0000000006c37000 	/usr/lib/libxml2.2.dylib
0x0000000006c37000 	/System/Library/PrivateFrameworks/CoreUI.framework/Versions/A/CoreUI
0x0000000006c37000 	/System/Library/Frameworks/CoreAudio.framework/Versions/A/CoreAudio
0x0000000006c37000 	/System/Library/Frameworks/DiskArbitration.framework/Versions/A/DiskArbitration
0x0000000006c37000 	/usr/lib/liblangid.dylib
0x0000000006c37000 	/System/Library/PrivateFrameworks/MultitouchSupport.framework/Versions/A/MultitouchSupport
0x0000000006c37000 	/System/Library/Frameworks/IOKit.framework/Versions/A/IOKit
0x0000000006c37000 	/usr/lib/libDiagnosticMessagesClient.dylib
0x0000000006c37000 	/System/Library/Frameworks/CoreServices.framework/Versions/A/CoreServices
0x0000000006c37000 	/System/Library/PrivateFrameworks/PerformanceAnalysis.framework/Versions/A/PerformanceAnalysis
0x0000000006c37000 	/System/Library/PrivateFrameworks/GenerationalStorage.framework/Versions/A/GenerationalStorage
0x0000000006c37000 	/System/Library/Frameworks/OpenGL.framework/Versions/A/OpenGL
0x0000000006c37000 	/System/Library/Frameworks/CoreText.framework/Versions/A/CoreText
0x0000000006c37000 	/System/Library/Frameworks/ImageIO.framework/Versions/A/ImageIO
0x0000000006c37000 	/System/Library/PrivateFrameworks/Backup.framework/Versions/A/Backup
0x0000000006c37000 	/System/Library/Frameworks/CFNetwork.framework/Versions/A/CFNetwork
0x0000000006c37000 	/System/Library/Frameworks/SystemConfiguration.framework/Versions/A/SystemConfiguration
0x0000000006c37000 	/usr/lib/libCRFSuite.dylib
0x0000000006c37000 	/System/Library/PrivateFrameworks/TCC.framework/Versions/A/TCC
0x0000000006c37000 	/usr/lib/libc++.1.dylib
0x0000000006c37000 	/usr/lib/libc++abi.dylib
0x0000000006c37000 	/usr/lib/system/libcache.dylib
0x0000000006c37000 	/usr/lib/system/libcommonCrypto.dylib
0x0000000006c37000 	/usr/lib/system/libcompiler_rt.dylib
0x0000000006c37000 	/usr/lib/system/libcopyfile.dylib
0x0000000006c37000 	/usr/lib/system/libdispatch.dylib
0x0000000006c37000 	/usr/lib/system/libdnsinfo.dylib
0x0000000006c37000 	/usr/lib/system/libdyld.dylib
0x0000000006c37000 	/usr/lib/system/libkeymgr.dylib
0x0000000006c37000 	/usr/lib/system/liblaunch.dylib
0x0000000006c37000 	/usr/lib/system/libmacho.dylib
0x0000000006c37000 	/usr/lib/system/libquarantine.dylib
0x0000000006c37000 	/usr/lib/system/libremovefile.dylib
0x0000000006c37000 	/usr/lib/system/libsystem_blocks.dylib
0x0000000006c37000 	/usr/lib/system/libsystem_c.dylib
0x0000000006c37000 	/usr/lib/system/libsystem_dnssd.dylib
0x0000000006c37000 	/usr/lib/system/libsystem_info.dylib
0x0000000006c37000 	/usr/lib/system/libsystem_kernel.dylib
0x0000000006c37000 	/usr/lib/system/libsystem_m.dylib
0x0000000006c37000 	/usr/lib/system/libsystem_network.dylib
0x0000000006c37000 	/usr/lib/system/libsystem_notify.dylib
0x0000000006c37000 	/usr/lib/system/libsystem_sandbox.dylib
0x0000000006c37000 	/usr/lib/system/libunc.dylib
0x0000000006c37000 	/usr/lib/system/libunwind.dylib
0x0000000006c37000 	/usr/lib/system/libxpc.dylib
0x0000000006c37000 	/usr/lib/system/libcorecrypto.dylib
0x0000000006c37000 	/usr/lib/libstdc++.6.dylib
0x0000000006c37000 	/usr/lib/libbsm.0.dylib
0x0000000006c37000 	/usr/lib/libsqlite3.dylib
0x0000000006c37000 	/usr/lib/libxar.1.dylib
0x0000000006c37000 	/usr/lib/libpam.2.dylib
0x0000000006c37000 	/usr/lib/libOpenScriptingUtil.dylib
0x0000000006c37000 	/usr/lib/libbz2.1.0.dylib
0x0000000006c37000 	/System/Library/Frameworks/CoreServices.framework/Versions/A/Frameworks/CarbonCore.framework/Versions/A/CarbonCore
0x0000000006c37000 	/System/Library/Frameworks/CoreServices.framework/Versions/A/Frameworks/Metadata.framework/Versions/A/Metadata
0x0000000006c37000 	/System/Library/Frameworks/CoreServices.framework/Versions/A/Frameworks/OSServices.framework/Versions/A/OSServices
0x0000000006c37000 	/System/Library/Frameworks/CoreServices.framework/Versions/A/Frameworks/SearchKit.framework/Versions/A/SearchKit
0x0000000006c37000 	/System/Library/Frameworks/CoreServices.framework/Versions/A/Frameworks/AE.framework/Versions/A/AE
0x0000000006c37000 	/System/Library/Frameworks/CoreServices.framework/Versions/A/Frameworks/LaunchServices.framework/Versions/A/LaunchServices
0x0000000006c37000 	/System/Library/Frameworks/CoreServices.framework/Versions/A/Frameworks/DictionaryServices.framework/Versions/A/DictionaryServices
0x0000000006c37000 	/System/Library/Frameworks/NetFS.framework/Versions/A/NetFS
0x0000000006c37000 	/usr/lib/system/libkxld.dylib
0x0000000006c37000 	/System/Library/PrivateFrameworks/NetAuth.framework/Versions/A/NetAuth
0x0000000006c37000 	/System/Library/Frameworks/OpenDirectory.framework/Versions/A/Frameworks/CFOpenDirectory.framework/Versions/A/CFOpenDirectory
0x0000000006c37000 	/usr/lib/libxslt.1.dylib
0x0000000006c37000 	/System/Library/PrivateFrameworks/FamilyControls.framework/Versions/A/FamilyControls
0x0000000006c37000 	/System/Library/Frameworks/Carbon.framework/Versions/A/Frameworks/Ink.framework/Versions/A/Ink
0x0000000006c37000 	/System/Library/Frameworks/ApplicationServices.framework/Versions/A/Frameworks/CoreGraphics.framework/Versions/A/CoreGraphics
0x0000000006c37000 	/System/Library/Frameworks/ApplicationServices.framework/Versions/A/Frameworks/ATS.framework/Versions/A/ATS
0x0000000006c37000 	/System/Library/Frameworks/ApplicationServices.framework/Versions/A/Frameworks/ColorSync.framework/Versions/A/ColorSync
0x0000000006c37000 	/System/Library/Frameworks/ApplicationServices.framework/Versions/A/Frameworks/HIServices.framework/Versions/A/HIServices
0x0000000006c37000 	/System/Library/Frameworks/ApplicationServices.framework/Versions/A/Frameworks/LangAnalysis.framework/Versions/A/LangAnalysis
0x0000000006c37000 	/System/Library/Frameworks/ApplicationServices.framework/Versions/A/Frameworks/PrintCore.framework/Versions/A/PrintCore
0x0000000006c37000 	/System/Library/Frameworks/ApplicationServices.framework/Versions/A/Frameworks/QD.framework/Versions/A/QD
0x0000000006c37000 	/System/Library/Frameworks/ApplicationServices.framework/Versions/A/Frameworks/SpeechSynthesis.framework/Versions/A/SpeechSynthesis
0x0000000006c37000 	/System/Library/Frameworks/IOSurface.framework/Versions/A/IOSurface
0x0000000006c37000 	/System/Library/Frameworks/Accelerate.framework/Versions/A/Accelerate
0x0000000006c37000 	/System/Library/Frameworks/ApplicationServices.framework/Versions/A/Frameworks/ATS.framework/Versions/A/Resources/libFontParser.dylib
0x0000000006c37000 	/System/Library/Frameworks/ApplicationServices.framework/Versions/A/Frameworks/ATS.framework/Versions/A/Resources/libFontRegistry.dylib
0x0000000006c37000 	/System/Library/Frameworks/Accelerate.framework/Versions/A/Frameworks/vImage.framework/Versions/A/vImage
0x0000000006c37000 	/System/Library/Frameworks/Accelerate.framework/Versions/A/Frameworks/vecLib.framework/Versions/A/vecLib
0x0000000006c37000 	/System/Library/Frameworks/Accelerate.framework/Versions/A/Frameworks/vecLib.framework/Versions/A/libvDSP.dylib
0x0000000006c37000 	/System/Library/Frameworks/Accelerate.framework/Versions/A/Frameworks/vecLib.framework/Versions/A/libvMisc.dylib
0x0000000006c37000 	/System/Library/Frameworks/Accelerate.framework/Versions/A/Frameworks/vecLib.framework/Versions/A/libLAPACK.dylib
0x0000000006c37000 	/System/Library/Frameworks/Accelerate.framework/Versions/A/Frameworks/vecLib.framework/Versions/A/libBLAS.dylib
0x0000000006c37000 	/System/Library/Frameworks/ImageIO.framework/Versions/A/Resources/libJPEG.dylib
0x0000000006c37000 	/System/Library/Frameworks/ImageIO.framework/Versions/A/Resources/libTIFF.dylib
0x0000000006c37000 	/System/Library/Frameworks/ImageIO.framework/Versions/A/Resources/libPng.dylib
0x0000000006c37000 	/System/Library/Frameworks/ImageIO.framework/Versions/A/Resources/libGIF.dylib
0x0000000006c37000 	/System/Library/Frameworks/ImageIO.framework/Versions/A/Resources/libJP2.dylib
0x0000000006c37000 	/System/Library/Frameworks/ImageIO.framework/Versions/A/Resources/libRadiance.dylib
0x0000000006c37000 	/usr/lib/libcups.2.dylib
0x0000000006c37000 	/System/Library/Frameworks/Kerberos.framework/Versions/A/Kerberos
0x0000000006c37000 	/System/Library/Frameworks/GSS.framework/Versions/A/GSS
0x0000000006c37000 	/usr/lib/libresolv.9.dylib
0x0000000006c37000 	/usr/lib/libiconv.2.dylib
0x0000000006c37000 	/System/Library/PrivateFrameworks/Heimdal.framework/Versions/A/Heimdal
0x0000000006c37000 	/System/Library/PrivateFrameworks/TrustEvaluationAgent.framework/Versions/A/TrustEvaluationAgent
0x0000000006c37000 	/System/Library/Frameworks/OpenDirectory.framework/Versions/A/OpenDirectory
0x0000000006c37000 	/System/Library/PrivateFrameworks/CommonAuth.framework/Versions/A/CommonAuth
0x0000000006c37000 	/System/Library/PrivateFrameworks/Bom.framework/Versions/A/Bom
0x0000000006c37000 	/System/Library/Frameworks/CoreVideo.framework/Versions/A/CoreVideo
0x0000000006c37000 	/System/Library/Frameworks/QuartzCore.framework/Versions/A/Frameworks/CoreImage.framework/Versions/A/CoreImage
0x0000000006c37000 	/System/Library/Frameworks/QuartzCore.framework/Versions/A/Frameworks/ScalableUserInterface.framework/Versions/A/ScalableUserInterface
0x0000000006c37000 	/System/Library/Frameworks/OpenGL.framework/Versions/A/Libraries/libGLU.dylib
0x0000000006c37000 	/System/Library/Frameworks/OpenGL.framework/Versions/A/Libraries/libGFXShared.dylib
0x0000000006c37000 	/System/Library/Frameworks/OpenGL.framework/Versions/A/Libraries/libGL.dylib
0x0000000006c37000 	/System/Library/Frameworks/OpenGL.framework/Versions/A/Libraries/libGLImage.dylib
0x0000000006c37000 	/System/Library/Frameworks/OpenGL.framework/Versions/A/Libraries/libCVMSPluginSupport.dylib
0x0000000006c37000 	/System/Library/Frameworks/OpenGL.framework/Versions/A/Libraries/libCoreVMClient.dylib
0x0000000006c37000 	/System/Library/PrivateFrameworks/CrashReporterSupport.framework/Versions/A/CrashReporterSupport
0x0000000006c37000 	/System/Library/Frameworks/OpenCL.framework/Versions/A/OpenCL
0x0000000006c37000 	/System/Library/PrivateFrameworks/FaceCoreLight.framework/Versions/A/FaceCoreLight
0x0000000006c37000 	/System/Library/PrivateFrameworks/AppleFSCompression.framework/Versions/A/AppleFSCompression
0x0000000006c37000 	/System/Library/PrivateFrameworks/Ubiquity.framework/Versions/A/Ubiquity
0x0000000006c37000 	/System/Library/Frameworks/ServiceManagement.framework/Versions/A/ServiceManagement
0x0000000006c37000 	/System/Library/PrivateFrameworks/ChunkingLibrary.framework/Versions/A/ChunkingLibrary
0x0000000006c37000 	/System/Library/Frameworks/vecLib.framework/Versions/A/vecLib
0x0000000006c37000 	/System/Library/Frameworks/SecurityFoundation.framework/Versions/A/SecurityFoundation
0x0000000006c37000 	/System/Library/PrivateFrameworks/CommerceKit.framework/Versions/A/Frameworks/CommerceCore.framework/Versions/A/CommerceCore
0x0000000006c37000 	/System/Library/PrivateFrameworks/CoreSymbolication.framework/Versions/A/CoreSymbolication
0x0000000006c37000 	/System/Library/PrivateFrameworks/Symbolication.framework/Versions/A/Symbolication
0x0000000006c37000 	/System/Library/PrivateFrameworks/DebugSymbols.framework/Versions/A/DebugSymbols
0x00000001067ab000 	/Library/Java/JavaVirtualMachines/jdk1.7.0_10.jdk/Contents/Home/jre/lib/server/libjvm.dylib
0x0000000107355000 	/Library/Java/JavaVirtualMachines/jdk1.7.0_10.jdk/Contents/Home/jre/lib/libverify.dylib
0x0000000107362000 	/Library/Java/JavaVirtualMachines/jdk1.7.0_10.jdk/Contents/Home/jre/lib/libjava.dylib
0x000000010741f000 	/Library/Java/JavaVirtualMachines/jdk1.7.0_10.jdk/Contents/Home/jre/lib/libzip.dylib
0x00000001581a7000 	/System/Library/Frameworks/JavaVM.framework/Frameworks/JavaRuntimeSupport.framework/JavaRuntimeSupport
0x00000001581bf000 	/System/Library/Frameworks/JavaVM.framework/Versions/A/Frameworks/JavaNativeFoundation.framework/Versions/A/JavaNativeFoundation
0x00000001581d4000 	/System/Library/Frameworks/JavaVM.framework/Versions/A/JavaVM
0x0000000006c37000 	/System/Library/Frameworks/Carbon.framework/Versions/A/Carbon
0x00000001581e1000 	/System/Library/PrivateFrameworks/JavaLaunching.framework/Versions/A/JavaLaunching
0x0000000006c37000 	/System/Library/Frameworks/Carbon.framework/Versions/A/Frameworks/CommonPanels.framework/Versions/A/CommonPanels
0x0000000006c37000 	/System/Library/Frameworks/Carbon.framework/Versions/A/Frameworks/Help.framework/Versions/A/Help
0x0000000006c37000 	/System/Library/Frameworks/Carbon.framework/Versions/A/Frameworks/ImageCapture.framework/Versions/A/ImageCapture
0x0000000006c37000 	/System/Library/Frameworks/Carbon.framework/Versions/A/Frameworks/OpenScripting.framework/Versions/A/OpenScripting
0x0000000006c37000 	/System/Library/Frameworks/Carbon.framework/Versions/A/Frameworks/Print.framework/Versions/A/Print
0x0000000006c37000 	/System/Library/Frameworks/Carbon.framework/Versions/A/Frameworks/SecurityHI.framework/Versions/A/SecurityHI
0x0000000158858000 	/Library/Java/JavaVirtualMachines/jdk1.7.0_10.jdk/Contents/Home/jre/lib/libjawt.dylib
0x000000015885b000 	/Library/Java/JavaVirtualMachines/jdk1.7.0_10.jdk/Contents/Home/jre/lib/lwawt/liblwawt.dylib
0x000000015890d000 	/Library/Java/JavaVirtualMachines/jdk1.7.0_10.jdk/Contents/Home/jre/lib/./libawt.dylib
0x00000001589bc000 	/Library/Java/JavaVirtualMachines/jdk1.7.0_10.jdk/Contents/Home/jre/lib/./libmlib_image.dylib
0x0000000158a88000 	/Library/Java/JavaVirtualMachines/jdk1.7.0_10.jdk/Contents/Home/jre/lib/./libosxapp.dylib
0x0000000158aa4000 	/System/Library/Frameworks/ExceptionHandling.framework/Versions/A/ExceptionHandling

VM Arguments:
jvm_args: -Dfile.encoding=US-ASCII 
java_command: bucket.game.client.core.MainClientLauncher
Launcher Type: SUN_STANDARD

Environment Variables:
PATH=/usr/bin:/bin:/usr/sbin:/sbin
SHELL=/bin/bash
DISPLAY=/tmp/launch-fanP4L/org.macosforge.xquartz:0

Signal Handlers:
SIGSEGV: [libjvm.dylib+0x4a363d], sa_mask[0]=0xfffefeff, sa_flags=0x00000042
SIGBUS: [libjvm.dylib+0x4a363d], sa_mask[0]=0xfffefeff, sa_flags=0x00000042
SIGFPE: [libjvm.dylib+0x3b3051], sa_mask[0]=0xfffefeff, sa_flags=0x00000042
SIGPIPE: [libjvm.dylib+0x3b3051], sa_mask[0]=0xfffefeff, sa_flags=0x00000042
SIGXFSZ: [libjvm.dylib+0x3b3051], sa_mask[0]=0xfffefeff, sa_flags=0x00000042
SIGILL: [libjvm.dylib+0x3b3051], sa_mask[0]=0xfffefeff, sa_flags=0x00000042
SIGUSR1: SIG_DFL, sa_mask[0]=0x00000000, sa_flags=0x00000002
SIGUSR2: [libjvm.dylib+0x3b2bea], sa_mask[0]=0x00000004, sa_flags=0x00000042
SIGHUP: [libjvm.dylib+0x3b0e4b], sa_mask[0]=0xfffefeff, sa_flags=0x00000042
SIGINT: [libjvm.dylib+0x3b0e4b], sa_mask[0]=0xfffefeff, sa_flags=0x00000042
SIGTERM: [libjvm.dylib+0x3b0e4b], sa_mask[0]=0xfffefeff, sa_flags=0x00000042
SIGQUIT: [libjvm.dylib+0x3b0e4b], sa_mask[0]=0xfffefeff, sa_flags=0x00000042


---------------  S Y S T E M  ---------------

OS:Bsduname:Darwin 12.3.0 Darwin Kernel Version 12.3.0: Sun Jan  6 22:37:10 PST 2013; root:xnu-2050.22.13~1/RELEASE_X86_64 x86_64
rlimit: STACK 8192k, CORE 0k, NPROC 709, NOFILE 10240, AS infinity
load average:1.49 0.86 0.72

CPU:total 8 (4 cores per cpu, 2 threads per core) family 6 model 58 stepping 9, cmov, cx8, fxsr, mmx, sse, sse2, sse3, ssse3, sse4.1, sse4.2, popcnt, avx, ht, tsc, tscinvbit, tscinv

Memory: 4k page, physical 4382808k(1095702k free)

/proc/meminfo:


vm_info: Java HotSpot(TM) 64-Bit Server VM (23.6-b04) for bsd-amd64 JRE (1.7.0_10-b18), built on Nov 28 2012 07:52:20 by "java_re" with gcc 4.2.1 (Based on Apple Inc. build 5658) (LLVM build 2336.9.00)

time: Fri May  3 18:23:45 2013
elapsed time: 0 seconds

