2013-11-29 11:04:25,564 INFO  [org.jboss.as.connector.subsystems.datasources] (ServerService Thread Pool -- 28) JBAS010403: Deploying JDBC-compliant driver class org.h2.Driver (version 1.3)
2013-11-29 11:04:25,581 INFO  [org.jboss.as.clustering.infinispan] (ServerService Thread Pool -- 33) JBAS010280: Activating Infinispan subsystem.
2013-11-29 11:04:25,755 INFO  [org.jboss.as.connector.logging] (MSC service thread 1-6) JBAS010408: Starting JCA Subsystem (IronJacamar 1.1.0.Final)
2013-11-29 11:04:25,757 INFO  [org.jboss.as.connector.deployers.jdbc] (MSC service thread 1-3) JBAS010417: Started Driver service with driver-name = h2
2013-11-29 11:04:25,770 INFO  [org.jboss.as.security] (ServerService Thread Pool -- 46) JBAS013171: Activating Security Subsystem
2013-11-29 11:04:25,780 INFO  [org.jboss.as.security] (MSC service thread 1-7) JBAS013170: Current PicketBox version=4.0.17.SP1
2013-11-29 11:04:25,788 INFO  [org.jboss.as.naming] (ServerService Thread Pool -- 41) JBAS011800: Activating Naming Subsystem
2013-11-29 11:04:25,790 INFO  [org.jboss.as.jsf] (ServerService Thread Pool -- 39) JBAS012605: Activated the following JSF Implementations: [main]
2013-11-29 11:04:25,840 INFO  [org.wildfly.extension.undertow] (ServerService Thread Pool -- 49) JBAS017502: Undertow 1.0.0.Beta17 starting
2013-11-29 11:04:25,844 INFO  [org.jboss.as.webservices] (ServerService Thread Pool -- 50) JBAS015537: Activating WebServices Extension
2013-11-29 11:04:25,846 INFO  [org.wildfly.extension.undertow] (MSC service thread 1-3) JBAS017502: Undertow 1.0.0.Beta17 starting
2013-11-29 11:04:25,848 INFO  [org.jboss.as.naming] (MSC service thread 1-6) JBAS011802: Starting Naming Service
2013-11-29 11:04:25,853 INFO  [org.jboss.as.mail.extension] (MSC service thread 1-8) JBAS015400: Bound mail session [java:jboss/mail/Default]
2013-11-29 11:04:25,914 INFO  [org.wildfly.extension.undertow] (ServerService Thread Pool -- 49) JBAS017527: Creating file handler for path /Users/Leander/Projects/Game.Dev/The-Game/Server-runtime/wildfly-8.0.0.Beta1/welcome-content
2013-11-29 11:04:25,929 INFO  [org.wildfly.extension.undertow] (MSC service thread 1-8) JBAS017525: Started server default-server.
2013-11-29 11:04:25,934 INFO  [org.wildfly.extension.undertow] (MSC service thread 1-8) JBAS017531: Host default-host starting
2013-11-29 11:04:26,259 INFO  [org.wildfly.extension.undertow] (MSC service thread 1-3) JBAS017519: Undertow HTTP listener default listening on localhost/127.0.0.1:8080
2013-11-29 11:04:26,814 INFO  [org.jboss.as.connector.subsystems.datasources] (MSC service thread 1-6) JBAS010400: Bound data source [java:jboss/datasources/ExampleDS]
2013-11-29 11:04:26,896 INFO  [org.jboss.as.server.deployment.scanner] (MSC service thread 1-1) JBAS015012: Started FileSystemDeploymentService for directory /Users/Leander/Projects/Game.Dev/The-Game/Server-runtime/wildfly-8.0.0.Beta1/standalone/deployments
2013-11-29 11:04:26,899 INFO  [org.jboss.as.server.deployment] (MSC service thread 1-8) JBAS015876: Starting deployment of "ServerWS.war" (runtime-name: "ServerWS.war")
2013-11-29 11:04:26,924 INFO  [org.jboss.as.remoting] (MSC service thread 1-2) JBAS017100: Listening on 127.0.0.1:9999
2013-11-29 11:04:26,963 INFO  [org.jboss.ws.common.management] (MSC service thread 1-7) JBWS022052: Starting JBoss Web Services - Stack CXF Server 4.2.1.Final
2013-11-29 11:04:29,064 ERROR [org.jboss.msc.service.fail] (MSC service thread 1-6) MSC000001: Failed to start service jboss.deployment.unit."ServerWS.war".PARSE: org.jboss.msc.service.StartException in service jboss.deployment.unit."ServerWS.war".PARSE: JBAS018733: Failed to process phase PARSE of deployment "ServerWS.war"
	at org.jboss.as.server.deployment.DeploymentUnitPhaseService.start(DeploymentUnitPhaseService.java:166) [wildfly-server-8.0.0.Beta1.jar:8.0.0.Beta1]
	at org.jboss.msc.service.ServiceControllerImpl$StartTask.startService(ServiceControllerImpl.java:1944) [jboss-msc-1.2.0.Beta2.jar:1.2.0.Beta2]
	at org.jboss.msc.service.ServiceControllerImpl$StartTask.run(ServiceControllerImpl.java:1877) [jboss-msc-1.2.0.Beta2.jar:1.2.0.Beta2]
	at java.util.concurrent.ThreadPoolExecutor.runWorker(ThreadPoolExecutor.java:1145) [rt.jar:1.7.0_15]
	at java.util.concurrent.ThreadPoolExecutor$Worker.run(ThreadPoolExecutor.java:615) [rt.jar:1.7.0_15]
	at java.lang.Thread.run(Thread.java:722) [rt.jar:1.7.0_15]
Caused by: java.lang.IllegalArgumentException: JBAS015533: Web Service endpoint de.r2soft.space.server.ws.impl.GameObjectServiceImpl with URL pattern /GameObjectService is already registered. Web service endpoint de.r2soft.space.server.ws.impl.MapServiceImpl is requesting the same URL pattern.
	at org.jboss.as.webservices.metadata.model.AbstractDeployment.addEndpoint(AbstractDeployment.java:60)
	at org.jboss.as.webservices.metadata.model.JAXWSDeployment.addEndpoint(JAXWSDeployment.java:27)
	at org.jboss.as.webservices.deployers.WSIntegrationProcessorJAXWS_POJO.processAnnotation(WSIntegrationProcessorJAXWS_POJO.java:98)
	at org.jboss.as.webservices.deployers.AbstractIntegrationProcessorJAXWS.deploy(AbstractIntegrationProcessorJAXWS.java:91)
	at org.jboss.as.server.deployment.DeploymentUnitPhaseService.start(DeploymentUnitPhaseService.java:159) [wildfly-server-8.0.0.Beta1.jar:8.0.0.Beta1]
	... 5 more

2013-11-29 11:04:29,079 ERROR [org.jboss.as.controller.management-operation] (Controller Boot Thread) JBAS014613: Operation ("deploy") failed - address: ([("deployment" => "ServerWS.war")]) - failure description: {"JBAS014671: Failed services" => {"jboss.deployment.unit.\"ServerWS.war\".PARSE" => "org.jboss.msc.service.StartException in service jboss.deployment.unit.\"ServerWS.war\".PARSE: JBAS018733: Failed to process phase PARSE of deployment \"ServerWS.war\"
    Caused by: java.lang.IllegalArgumentException: JBAS015533: Web Service endpoint de.r2soft.space.server.ws.impl.GameObjectServiceImpl with URL pattern /GameObjectService is already registered. Web service endpoint de.r2soft.space.server.ws.impl.MapServiceImpl is requesting the same URL pattern."}}
2013-11-29 11:04:29,140 INFO  [org.jboss.as.server] (ServerService Thread Pool -- 29) JBAS018559: Deployed "ServerWS.war" (runtime-name : "ServerWS.war")
2013-11-29 11:04:29,145 INFO  [org.jboss.as.controller] (Controller Boot Thread) JBAS014774: Service status report
JBAS014777:   Services which failed to start:      service jboss.deployment.unit."ServerWS.war".PARSE: org.jboss.msc.service.StartException in service jboss.deployment.unit."ServerWS.war".PARSE: JBAS018733: Failed to process phase PARSE of deployment "ServerWS.war"

2013-11-29 11:04:29,160 INFO  [org.jboss.as] (Controller Boot Thread) JBAS015961: Http management interface listening on http://127.0.0.1:9990/management
2013-11-29 11:04:29,161 INFO  [org.jboss.as] (Controller Boot Thread) JBAS015951: Admin console listening on http://127.0.0.1:9990
2013-11-29 11:04:29,162 ERROR [org.jboss.as] (Controller Boot Thread) JBAS015875: WildFly 8.0.0.Beta1 "WildFly" started (with errors) in 6643ms - Started 183 of 221 services (1 services failed or missing dependencies, 62 services are lazy, passive or on-demand)
2013-11-29 11:04:29,417 INFO  [org.jboss.as.server.deployment] (MSC service thread 1-4) JBAS015877: Stopped deployment ServerWS.war (runtime-name: ServerWS.war) in 29ms
2013-11-29 11:04:29,468 INFO  [org.jboss.as.server] (DeploymentScanner-threads - 2) JBAS018558: Undeployed "ServerWS.war" (runtime-name: "ServerWS.war")
2013-11-29 11:04:29,469 INFO  [org.jboss.as.controller] (DeploymentScanner-threads - 2) JBAS014774: Service status report
JBAS014777:   Services which failed to start:      service jboss.deployment.unit."ServerWS.war".PARSE

2013-11-29 11:04:34,183 INFO  [org.jboss.as.server.deployment.scanner] (DeploymentScanner-threads - 2) JBAS015003: Found ServerWS.war in deployment directory. To trigger deployment create a file called ServerWS.war.dodeploy
2013-11-29 11:04:47,440 INFO  [org.jboss.as.connector.subsystems.datasources] (MSC service thread 1-3) JBAS010409: Unbound data source [java:jboss/datasources/ExampleDS]
2013-11-29 11:04:47,442 INFO  [org.wildfly.extension.undertow] (MSC service thread 1-7) JBAS017532: Host default-host stopping
2013-11-29 11:04:47,448 INFO  [org.jboss.as.connector.deployers.jdbc] (MSC service thread 1-7) JBAS010418: Stopped Driver service with driver-name = h2
2013-11-29 11:04:47,449 INFO  [org.wildfly.extension.undertow] (MSC service thread 1-1) JBAS017521: Undertow HTTP listener default suspending
2013-11-29 11:04:47,450 INFO  [org.wildfly.extension.undertow] (MSC service thread 1-1) JBAS017520: Undertow HTTP listener default stopped, was bound to localhost/127.0.0.1:8080
2013-11-29 11:04:47,451 INFO  [org.wildfly.extension.undertow] (MSC service thread 1-3) JBAS017506: Undertow 1.0.0.Beta17 stopping
2013-11-29 11:04:47,455 INFO  [org.jboss.as] (MSC service thread 1-1) JBAS015950: WildFly 8.0.0.Beta1 "WildFly" stopped in 17ms
2013-11-29 11:04:58,793 INFO  [org.jboss.modules] (main) JBoss Modules version 1.3.0.Final
2013-11-29 11:04:59,578 INFO  [org.jboss.msc] (main) JBoss MSC version 1.2.0.Beta2
2013-11-29 11:04:59,753 INFO  [org.jboss.as] (MSC service thread 1-6) JBAS015899: WildFly 8.0.0.Beta1 "WildFly" starting
2013-11-29 11:04:59,763 DEBUG [org.jboss.as.config] (MSC service thread 1-6) Configured system properties:
	awt.toolkit = sun.lwawt.macosx.LWCToolkit
	file.encoding = US-ASCII
	file.encoding.pkg = sun.io
	file.separator = /
	gopherProxySet = false
	java.awt.graphicsenv = sun.awt.CGraphicsEnvironment
	java.awt.headless = true
	java.awt.printerjob = sun.lwawt.macosx.CPrinterJob
	java.class.path = /Users/Leander/Projects/Game.Dev/The-Game/Server-runtime/wildfly-8.0.0.Beta1/jboss-modules.jar
	java.class.version = 51.0
	java.endorsed.dirs = /Library/Java/JavaVirtualMachines/jdk1.7.0_15.jdk/Contents/Home/jre/lib/endorsed
	java.ext.dirs = /Users/Leander/Library/Java/Extensions:/Library/Java/JavaVirtualMachines/jdk1.7.0_15.jdk/Contents/Home/jre/lib/ext:/Library/Java/Extensions:/Network/Library/Java/Extensions:/System/Library/Java/Extensions:/usr/lib/java
	java.home = /Library/Java/JavaVirtualMachines/jdk1.7.0_15.jdk/Contents/Home/jre
	java.io.tmpdir = /var/folders/3h/c89tmsfn2dd0tfmztcl630dc0000gn/T/
	java.library.path = /Users/Leander/Library/Java/Extensions:/Library/Java/Extensions:/Network/Library/Java/Extensions:/System/Library/Java/Extensions:/usr/lib/java:.
	java.net.preferIPv4Stack = true
	java.runtime.name = Java(TM) SE Runtime Environment
	java.runtime.version = 1.7.0_15-b03
	java.specification.name = Java Platform API Specification
	java.specification.vendor = Oracle Corporation
	java.specification.version = 1.7
	java.util.logging.manager = org.jboss.logmanager.LogManager
	java.vendor = Oracle Corporation
	java.vendor.url = http://java.oracle.com/
	java.vendor.url.bug = http://bugreport.sun.com/bugreport/
	java.version = 1.7.0_15
	java.vm.info = mixed mode
	java.vm.name = Java HotSpot(TM) 64-Bit Server VM
	java.vm.specification.name = Java Virtual Machine Specification
	java.vm.specification.vendor = Oracle Corporation
	java.vm.specification.version = 1.7
	java.vm.vendor = Oracle Corporation
	java.vm.version = 23.7-b01
	javax.management.builder.initial = org.jboss.as.jmx.PluggableMBeanServerBuilder
	javax.xml.datatype.DatatypeFactory = __redirected.__DatatypeFactory
	javax.xml.parsers.DocumentBuilderFactory = __redirected.__DocumentBuilderFactory
	javax.xml.parsers.SAXParserFactory = __redirected.__SAXParserFactory
	javax.xml.stream.XMLEventFactory = __redirected.__XMLEventFactory
	javax.xml.stream.XMLInputFactory = __redirected.__XMLInputFactory
	javax.xml.stream.XMLOutputFactory = __redirected.__XMLOutputFactory
	javax.xml.transform.TransformerFactory = __redirected.__TransformerFactory
	javax.xml.validation.SchemaFactory:http://www.w3.org/2001/XMLSchema = __redirected.__SchemaFactory
	javax.xml.xpath.XPathFactory:http://java.sun.com/jaxp/xpath/dom = __redirected.__XPathFactory
	jboss.bind.address = localhost
	jboss.home.dir = /Users/Leander/Projects/Game.Dev/The-Game/Server-runtime/wildfly-8.0.0.Beta1
	jboss.host.name = darkeagle-ii
	jboss.modules.dir = /Users/Leander/Projects/Game.Dev/The-Game/Server-runtime/wildfly-8.0.0.Beta1/modules
	jboss.modules.system.pkgs = org.jboss.byteman
	jboss.node.name = darkeagle-ii
	jboss.qualified.host.name = darkeagle-ii.local
	jboss.server.base.dir = /Users/Leander/Projects/Game.Dev/The-Game/Server-runtime/wildfly-8.0.0.Beta1/standalone
	jboss.server.config.dir = /Users/Leander/Projects/Game.Dev/The-Game/Server-runtime/wildfly-8.0.0.Beta1/standalone/configuration
	jboss.server.data.dir = /Users/Leander/Projects/Game.Dev/The-Game/Server-runtime/wildfly-8.0.0.Beta1/standalone/data
	jboss.server.deploy.dir = /Users/Leander/Projects/Game.Dev/The-Game/Server-runtime/wildfly-8.0.0.Beta1/standalone/data/content
	jboss.server.log.dir = /Users/Leander/Projects/Game.Dev/The-Game/Server-runtime/wildfly-8.0.0.Beta1/standalone/log
	jboss.server.name = darkeagle-ii
	jboss.server.persist.config = true
	jboss.server.temp.dir = /Users/Leander/Projects/Game.Dev/The-Game/Server-runtime/wildfly-8.0.0.Beta1/standalone/tmp
	line.separator = 

	logging.configuration = file:/Users/Leander/Projects/Game.Dev/The-Game/Server-runtime/wildfly-8.0.0.Beta1/standalone/configuration/logging.properties
	module.path = /Users/Leander/Projects/Game.Dev/The-Game/Server-runtime/wildfly-8.0.0.Beta1/modules
	org.jboss.boot.log.file = /Users/Leander/Projects/Game.Dev/The-Game/Server-runtime/wildfly-8.0.0.Beta1/standalone/log/boot.log
	org.jboss.logmanager.nocolor = true
	org.jboss.resolver.warning = true
	org.xml.sax.driver = __redirected.__XMLReaderFactory
	os.arch = x86_64
	os.name = Mac OS X
	os.version = 10.9
	path.separator = :
	program.name = JBossTools: WildFly 8.0 Runtime Server
	sun.arch.data.model = 64
	sun.boot.class.path = /Library/Java/JavaVirtualMachines/jdk1.7.0_15.jdk/Contents/Home/jre/lib/resources.jar:/Library/Java/JavaVirtualMachines/jdk1.7.0_15.jdk/Contents/Home/jre/lib/rt.jar:/Library/Java/JavaVirtualMachines/jdk1.7.0_15.jdk/Contents/Home/jre/lib/sunrsasign.jar:/Library/Java/JavaVirtualMachines/jdk1.7.0_15.jdk/Contents/Home/jre/lib/jsse.jar:/Library/Java/JavaVirtualMachines/jdk1.7.0_15.jdk/Contents/Home/jre/lib/jce.jar:/Library/Java/JavaVirtualMachines/jdk1.7.0_15.jdk/Contents/Home/jre/lib/charsets.jar:/Library/Java/JavaVirtualMachines/jdk1.7.0_15.jdk/Contents/Home/jre/lib/jfr.jar:/Library/Java/JavaVirtualMachines/jdk1.7.0_15.jdk/Contents/Home/jre/lib/JObjC.jar:/Library/Java/JavaVirtualMachines/jdk1.7.0_15.jdk/Contents/Home/jre/classes
	sun.boot.library.path = /Library/Java/JavaVirtualMachines/jdk1.7.0_15.jdk/Contents/Home/jre/lib
	sun.cpu.endian = little
	sun.cpu.isalist = 
	sun.io.unicode.encoding = UnicodeBig
	sun.java.command = org.jboss.modules.Main -mp /Users/Leander/Projects/Game.Dev/The-Game/Server-runtime/wildfly-8.0.0.Beta1/modules -jaxpmodule javax.xml.jaxp-provider org.jboss.as.standalone -b localhost --server-config=standalone.xml
	sun.java.launcher = SUN_STANDARD
	sun.jnu.encoding = US-ASCII
	sun.management.compiler = HotSpot 64-Bit Tiered Compilers
	sun.os.patch.level = unknown
	sun.rmi.dgc.client.gcInterval = 3600000
	sun.rmi.dgc.server.gcInterval = 3600000
	user.country = US
	user.country.format = DE
	user.dir = /Users/Leander/Projects/Game.Dev/The-Game/Server-runtime/wildfly-8.0.0.Beta1/bin
	user.home = /Users/Leander
	user.language = en
	user.language.format = de
	user.name = Leander
	user.timezone = Europe/Berlin
2013-11-29 11:04:59,767 DEBUG [org.jboss.as.config] (MSC service thread 1-6) VM Arguments: -Dprogram.name=JBossTools: WildFly 8.0 Runtime Server -Xms64m -Xmx512m -XX:MaxPermSize=256m -Dorg.jboss.resolver.warning=true -Djava.net.preferIPv4Stack=true -Dsun.rmi.dgc.client.gcInterval=3600000 -Dsun.rmi.dgc.server.gcInterval=3600000 -Djboss.modules.system.pkgs=org.jboss.byteman -Djava.awt.headless=true -Dorg.jboss.boot.log.file=/Users/Leander/Projects/Game.Dev/The-Game/Server-runtime/wildfly-8.0.0.Beta1/standalone/log/boot.log -Dlogging.configuration=file:/Users/Leander/Projects/Game.Dev/The-Game/Server-runtime/wildfly-8.0.0.Beta1/standalone/configuration/logging.properties -Djboss.home.dir=/Users/Leander/Projects/Game.Dev/The-Game/Server-runtime/wildfly-8.0.0.Beta1 -Dorg.jboss.logmanager.nocolor=true -Dfile.encoding=US-ASCII 
2013-11-29 11:05:01,293 INFO  [org.jboss.as.server] (Controller Boot Thread) JBAS015888: Creating http management service using socket-binding (management-http)
2013-11-29 11:05:01,296 INFO  [org.xnio] (MSC service thread 1-5) XNIO version 3.1.0.CR7
2013-11-29 11:05:01,306 INFO  [org.xnio.nio] (MSC service thread 1-5) XNIO NIO Implementation Version 3.1.0.CR7
2013-11-29 11:05:01,327 INFO  [org.jboss.remoting] (MSC service thread 1-5) JBoss Remoting version 4.0.0.Beta1
2013-11-29 11:05:01,413 INFO  [org.jboss.as.clustering.infinispan] (ServerService Thread Pool -- 33) JBAS010280: Activating Infinispan subsystem.
2013-11-29 11:05:01,456 INFO  [org.jboss.as.jsf] (ServerService Thread Pool -- 39) JBAS012605: Activated the following JSF Implementations: [main]
2013-11-29 11:05:01,469 INFO  [org.jboss.as.security] (ServerService Thread Pool -- 46) JBAS013171: Activating Security Subsystem
2013-11-29 11:05:01,473 INFO  [org.jboss.as.naming] (ServerService Thread Pool -- 41) JBAS011800: Activating Naming Subsystem
2013-11-29 11:05:01,479 INFO  [org.jboss.as.connector.subsystems.datasources] (ServerService Thread Pool -- 28) JBAS010403: Deploying JDBC-compliant driver class org.h2.Driver (version 1.3)
2013-11-29 11:05:01,484 INFO  [org.jboss.as.security] (MSC service thread 1-2) JBAS013170: Current PicketBox version=4.0.17.SP1
2013-11-29 11:05:01,645 INFO  [org.jboss.as.connector.logging] (MSC service thread 1-3) JBAS010408: Starting JCA Subsystem (IronJacamar 1.1.0.Final)
2013-11-29 11:05:01,657 INFO  [org.jboss.as.connector.deployers.jdbc] (MSC service thread 1-5) JBAS010417: Started Driver service with driver-name = h2
2013-11-29 11:05:01,659 INFO  [org.wildfly.extension.undertow] (ServerService Thread Pool -- 49) JBAS017502: Undertow 1.0.0.Beta17 starting
2013-11-29 11:05:01,659 INFO  [org.wildfly.extension.undertow] (MSC service thread 1-7) JBAS017502: Undertow 1.0.0.Beta17 starting
2013-11-29 11:05:01,669 INFO  [org.jboss.as.webservices] (ServerService Thread Pool -- 50) JBAS015537: Activating WebServices Extension
2013-11-29 11:05:01,710 INFO  [org.jboss.as.naming] (MSC service thread 1-4) JBAS011802: Starting Naming Service
2013-11-29 11:05:01,721 INFO  [org.jboss.as.mail.extension] (MSC service thread 1-2) JBAS015400: Bound mail session [java:jboss/mail/Default]
2013-11-29 11:05:01,837 INFO  [org.wildfly.extension.undertow] (ServerService Thread Pool -- 49) JBAS017527: Creating file handler for path /Users/Leander/Projects/Game.Dev/The-Game/Server-runtime/wildfly-8.0.0.Beta1/welcome-content
2013-11-29 11:05:01,855 INFO  [org.wildfly.extension.undertow] (MSC service thread 1-7) JBAS017525: Started server default-server.
2013-11-29 11:05:01,861 INFO  [org.wildfly.extension.undertow] (MSC service thread 1-5) JBAS017531: Host default-host starting
2013-11-29 11:05:02,106 INFO  [org.wildfly.extension.undertow] (MSC service thread 1-7) JBAS017519: Undertow HTTP listener default listening on localhost/127.0.0.1:8080
2013-11-29 11:05:02,602 INFO  [org.jboss.as.connector.subsystems.datasources] (MSC service thread 1-8) JBAS010400: Bound data source [java:jboss/datasources/ExampleDS]
2013-11-29 11:05:02,626 INFO  [org.jboss.as.server.deployment.scanner] (MSC service thread 1-8) JBAS015012: Started FileSystemDeploymentService for directory /Users/Leander/Projects/Game.Dev/The-Game/Server-runtime/wildfly-8.0.0.Beta1/standalone/deployments
2013-11-29 11:05:02,640 INFO  [org.jboss.as.remoting] (MSC service thread 1-1) JBAS017100: Listening on 127.0.0.1:9999
2013-11-29 11:05:02,665 INFO  [org.jboss.ws.common.management] (MSC service thread 1-7) JBWS022052: Starting JBoss Web Services - Stack CXF Server 4.2.1.Final
2013-11-29 11:05:02,772 INFO  [org.jboss.as] (Controller Boot Thread) JBAS015961: Http management interface listening on http://127.0.0.1:9990/management
2013-11-29 11:05:02,773 INFO  [org.jboss.as] (Controller Boot Thread) JBAS015951: Admin console listening on http://127.0.0.1:9990
2013-11-29 11:05:02,774 INFO  [org.jboss.as] (Controller Boot Thread) JBAS015874: WildFly 8.0.0.Beta1 "WildFly" started in 4347ms - Started 180 of 217 services (62 services are lazy, passive or on-demand)
2013-11-29 11:07:42,778 INFO  [org.jboss.as.server.deployment.scanner] (DeploymentScanner-threads - 1) JBAS015003: Found ServerWS.war in deployment directory. To trigger deployment create a file called ServerWS.war.dodeploy
2013-11-29 11:07:42,797 INFO  [org.jboss.as.server.deployment] (MSC service thread 1-1) JBAS015876: Starting deployment of "ServerWS.war" (runtime-name: "ServerWS.war")
2013-11-29 11:07:44,258 ERROR [org.jboss.msc.service.fail] (MSC service thread 1-2) MSC000001: Failed to start service jboss.deployment.unit."ServerWS.war".PARSE: org.jboss.msc.service.StartException in service jboss.deployment.unit."ServerWS.war".PARSE: JBAS018733: Failed to process phase PARSE of deployment "ServerWS.war"
	at org.jboss.as.server.deployment.DeploymentUnitPhaseService.start(DeploymentUnitPhaseService.java:166) [wildfly-server-8.0.0.Beta1.jar:8.0.0.Beta1]
	at org.jboss.msc.service.ServiceControllerImpl$StartTask.startService(ServiceControllerImpl.java:1944) [jboss-msc-1.2.0.Beta2.jar:1.2.0.Beta2]
	at org.jboss.msc.service.ServiceControllerImpl$StartTask.run(ServiceControllerImpl.java:1877) [jboss-msc-1.2.0.Beta2.jar:1.2.0.Beta2]
	at java.util.concurrent.ThreadPoolExecutor.runWorker(ThreadPoolExecutor.java:1145) [rt.jar:1.7.0_15]
	at java.util.concurrent.ThreadPoolExecutor$Worker.run(ThreadPoolExecutor.java:615) [rt.jar:1.7.0_15]
	at java.lang.Thread.run(Thread.java:722) [rt.jar:1.7.0_15]
Caused by: java.lang.IllegalArgumentException: JBAS015533: Web Service endpoint de.r2soft.space.server.ws.impl.GameObjectServiceImpl with URL pattern /GameObjectService is already registered. Web service endpoint de.r2soft.space.server.ws.impl.MapServiceImpl is requesting the same URL pattern.
	at org.jboss.as.webservices.metadata.model.AbstractDeployment.addEndpoint(AbstractDeployment.java:60)
	at org.jboss.as.webservices.metadata.model.JAXWSDeployment.addEndpoint(JAXWSDeployment.java:27)
	at org.jboss.as.webservices.deployers.WSIntegrationProcessorJAXWS_POJO.processAnnotation(WSIntegrationProcessorJAXWS_POJO.java:98)
	at org.jboss.as.webservices.deployers.AbstractIntegrationProcessorJAXWS.deploy(AbstractIntegrationProcessorJAXWS.java:91)
	at org.jboss.as.server.deployment.DeploymentUnitPhaseService.start(DeploymentUnitPhaseService.java:159) [wildfly-server-8.0.0.Beta1.jar:8.0.0.Beta1]
	... 5 more

2013-11-29 11:07:44,264 ERROR [org.jboss.as.controller.management-operation] (DeploymentScanner-threads - 2) JBAS014613: Operation ("deploy") failed - address: ([("deployment" => "ServerWS.war")]) - failure description: {"JBAS014671: Failed services" => {"jboss.deployment.unit.\"ServerWS.war\".PARSE" => "org.jboss.msc.service.StartException in service jboss.deployment.unit.\"ServerWS.war\".PARSE: JBAS018733: Failed to process phase PARSE of deployment \"ServerWS.war\"
    Caused by: java.lang.IllegalArgumentException: JBAS015533: Web Service endpoint de.r2soft.space.server.ws.impl.GameObjectServiceImpl with URL pattern /GameObjectService is already registered. Web service endpoint de.r2soft.space.server.ws.impl.MapServiceImpl is requesting the same URL pattern."}}
2013-11-29 11:07:44,267 ERROR [org.jboss.as.server] (DeploymentScanner-threads - 2) JBAS015870: Deploy of deployment "ServerWS.war" was rolled back with the following failure message: 
{"JBAS014671: Failed services" => {"jboss.deployment.unit.\"ServerWS.war\".PARSE" => "org.jboss.msc.service.StartException in service jboss.deployment.unit.\"ServerWS.war\".PARSE: JBAS018733: Failed to process phase PARSE of deployment \"ServerWS.war\"
    Caused by: java.lang.IllegalArgumentException: JBAS015533: Web Service endpoint de.r2soft.space.server.ws.impl.GameObjectServiceImpl with URL pattern /GameObjectService is already registered. Web service endpoint de.r2soft.space.server.ws.impl.MapServiceImpl is requesting the same URL pattern."}}
2013-11-29 11:07:44,283 INFO  [org.jboss.as.server.deployment] (MSC service thread 1-8) JBAS015877: Stopped deployment ServerWS.war (runtime-name: ServerWS.war) in 14ms
2013-11-29 11:07:44,284 INFO  [org.jboss.as.controller] (DeploymentScanner-threads - 2) JBAS014774: Service status report
JBAS014777:   Services which failed to start:      service jboss.deployment.unit."ServerWS.war".PARSE

2013-11-29 11:10:39,443 INFO  [org.jboss.as.server.deployment] (MSC service thread 1-2) JBAS015876: Starting deployment of "ServerWS.war" (runtime-name: "ServerWS.war")
2013-11-29 11:10:41,131 INFO  [org.jboss.weld.deployer] (MSC service thread 1-3) JBAS016002: Processing weld deployment ServerWS.war
2013-11-29 11:10:41,184 INFO  [org.hibernate.validator.internal.util.Version] (MSC service thread 1-3) HV000001: Hibernate Validator 5.0.1.Final
2013-11-29 11:10:41,285 INFO  [org.jboss.as.ejb3.deployment.processors.EjbJndiBindingsDeploymentUnitProcessor] (MSC service thread 1-3) JNDI bindings for session bean named ServerWS in deployment unit deployment "ServerWS.war" are as follows:

	java:global/ServerWS/ServerWS!de.r2soft.space.server.ws.interfaces.ServerWSLocal
	java:app/ServerWS/ServerWS!de.r2soft.space.server.ws.interfaces.ServerWSLocal
	java:module/ServerWS!de.r2soft.space.server.ws.interfaces.ServerWSLocal
	java:global/ServerWS/ServerWS
	java:app/ServerWS/ServerWS
	java:module/ServerWS

2013-11-29 11:10:41,285 INFO  [org.jboss.as.ejb3.deployment.processors.EjbJndiBindingsDeploymentUnitProcessor] (MSC service thread 1-3) JNDI bindings for session bean named SessionManager in deployment unit deployment "ServerWS.war" are as follows:

	java:global/ServerWS/SessionManager!de.r2soft.space.server.ws.interfaces.SessionManagerLocal
	java:app/ServerWS/SessionManager!de.r2soft.space.server.ws.interfaces.SessionManagerLocal
	java:module/SessionManager!de.r2soft.space.server.ws.interfaces.SessionManagerLocal
	java:global/ServerWS/SessionManager
	java:app/ServerWS/SessionManager
	java:module/SessionManager

2013-11-29 11:10:41,454 ERROR [org.jboss.msc.service.fail] (MSC service thread 1-5) MSC000001: Failed to start service jboss.deployment.unit."ServerWS.war".INSTALL: org.jboss.msc.service.StartException in service jboss.deployment.unit."ServerWS.war".INSTALL: JBAS018733: Failed to process phase INSTALL of deployment "ServerWS.war"
	at org.jboss.as.server.deployment.DeploymentUnitPhaseService.start(DeploymentUnitPhaseService.java:166) [wildfly-server-8.0.0.Beta1.jar:8.0.0.Beta1]
	at org.jboss.msc.service.ServiceControllerImpl$StartTask.startService(ServiceControllerImpl.java:1944) [jboss-msc-1.2.0.Beta2.jar:1.2.0.Beta2]
	at org.jboss.msc.service.ServiceControllerImpl$StartTask.run(ServiceControllerImpl.java:1877) [jboss-msc-1.2.0.Beta2.jar:1.2.0.Beta2]
	at java.util.concurrent.ThreadPoolExecutor.runWorker(ThreadPoolExecutor.java:1145) [rt.jar:1.7.0_15]
	at java.util.concurrent.ThreadPoolExecutor$Worker.run(ThreadPoolExecutor.java:615) [rt.jar:1.7.0_15]
	at java.lang.Thread.run(Thread.java:722) [rt.jar:1.7.0_15]
Caused by: org.jboss.as.server.deployment.DeploymentUnitProcessingException: JBAS011030: Could not configure component ServerWS
	at org.jboss.as.ee.component.deployers.EEModuleConfigurationProcessor.deploy(EEModuleConfigurationProcessor.java:95)
	at org.jboss.as.server.deployment.DeploymentUnitPhaseService.start(DeploymentUnitPhaseService.java:159) [wildfly-server-8.0.0.Beta1.jar:8.0.0.Beta1]
	... 5 more
Caused by: org.jboss.as.server.deployment.DeploymentUnitProcessingException: JBAS014227: EJB ServerWS of type de.r2soft.space.server.ws.core.ServerWS must have public default constructor
	at org.jboss.as.ejb3.component.EJBValidationConfigurator.configure(EJBValidationConfigurator.java:62)
	at org.jboss.as.ee.component.deployers.EEModuleConfigurationProcessor.deploy(EEModuleConfigurationProcessor.java:81)
	... 6 more

2013-11-29 11:10:41,460 ERROR [org.jboss.as.controller.management-operation] (DeploymentScanner-threads - 2) JBAS014613: Operation ("deploy") failed - address: ([("deployment" => "ServerWS.war")]) - failure description: {
    "JBAS014671: Failed services" => {"jboss.deployment.unit.\"ServerWS.war\".INSTALL" => "org.jboss.msc.service.StartException in service jboss.deployment.unit.\"ServerWS.war\".INSTALL: JBAS018733: Failed to process phase INSTALL of deployment \"ServerWS.war\"
    Caused by: org.jboss.as.server.deployment.DeploymentUnitProcessingException: JBAS011030: Could not configure component ServerWS
    Caused by: org.jboss.as.server.deployment.DeploymentUnitProcessingException: JBAS014227: EJB ServerWS of type de.r2soft.space.server.ws.core.ServerWS must have public default constructor"},
    "JBAS014771: Services with missing/unavailable dependencies" => [
        "jboss.deployment.unit.\"ServerWS.war\".weld.weldClassIntrospector is missing [jboss.deployment.unit.\"ServerWS.war\".beanmanager]",
        "jboss.deployment.unit.\"ServerWS.war\".batch is missing [jboss.deployment.unit.\"ServerWS.war\".beanmanager]"
    ]
}
2013-11-29 11:10:41,462 ERROR [org.jboss.as.server] (DeploymentScanner-threads - 2) JBAS015870: Deploy of deployment "ServerWS.war" was rolled back with the following failure message: 
{
    "JBAS014671: Failed services" => {"jboss.deployment.unit.\"ServerWS.war\".INSTALL" => "org.jboss.msc.service.StartException in service jboss.deployment.unit.\"ServerWS.war\".INSTALL: JBAS018733: Failed to process phase INSTALL of deployment \"ServerWS.war\"
    Caused by: org.jboss.as.server.deployment.DeploymentUnitProcessingException: JBAS011030: Could not configure component ServerWS
    Caused by: org.jboss.as.server.deployment.DeploymentUnitProcessingException: JBAS014227: EJB ServerWS of type de.r2soft.space.server.ws.core.ServerWS must have public default constructor"},
    "JBAS014771: Services with missing/unavailable dependencies" => [
        "jboss.deployment.unit.\"ServerWS.war\".weld.weldClassIntrospector is missing [jboss.deployment.unit.\"ServerWS.war\".beanmanager]",
        "jboss.deployment.unit.\"ServerWS.war\".batch is missing [jboss.deployment.unit.\"ServerWS.war\".beanmanager]"
    ]
}
2013-11-29 11:10:41,476 INFO  [org.jboss.as.server.deployment] (MSC service thread 1-5) JBAS015877: Stopped deployment ServerWS.war (runtime-name: ServerWS.war) in 13ms
2013-11-29 11:10:41,477 INFO  [org.jboss.as.controller] (DeploymentScanner-threads - 2) JBAS014774: Service status report
JBAS014775:    New missing/unsatisfied dependencies:
      service jboss.deployment.unit."ServerWS.war".beanmanager (missing) dependents: [service jboss.deployment.unit."ServerWS.war".weld.weldClassIntrospector, service jboss.deployment.unit."ServerWS.war".batch] 
JBAS014777:   Services which failed to start:      service jboss.deployment.unit."ServerWS.war".INSTALL

2013-11-29 11:11:11,509 INFO  [org.jboss.as.server.deployment] (MSC service thread 1-1) JBAS015876: Starting deployment of "ServerWS.war" (runtime-name: "ServerWS.war")
2013-11-29 11:11:12,618 INFO  [org.jboss.weld.deployer] (MSC service thread 1-7) JBAS016002: Processing weld deployment ServerWS.war
2013-11-29 11:11:12,622 INFO  [org.jboss.as.ejb3.deployment.processors.EjbJndiBindingsDeploymentUnitProcessor] (MSC service thread 1-7) JNDI bindings for session bean named ServerWS in deployment unit deployment "ServerWS.war" are as follows:

	java:global/ServerWS/ServerWS!de.r2soft.space.server.ws.interfaces.ServerWSLocal
	java:app/ServerWS/ServerWS!de.r2soft.space.server.ws.interfaces.ServerWSLocal
	java:module/ServerWS!de.r2soft.space.server.ws.interfaces.ServerWSLocal
	java:global/ServerWS/ServerWS
	java:app/ServerWS/ServerWS
	java:module/ServerWS

2013-11-29 11:11:12,622 INFO  [org.jboss.as.ejb3.deployment.processors.EjbJndiBindingsDeploymentUnitProcessor] (MSC service thread 1-7) JNDI bindings for session bean named SessionManager in deployment unit deployment "ServerWS.war" are as follows:

	java:global/ServerWS/SessionManager!de.r2soft.space.server.ws.interfaces.SessionManagerLocal
	java:app/ServerWS/SessionManager!de.r2soft.space.server.ws.interfaces.SessionManagerLocal
	java:module/SessionManager!de.r2soft.space.server.ws.interfaces.SessionManagerLocal
	java:global/ServerWS/SessionManager
	java:app/ServerWS/SessionManager
	java:module/SessionManager

2013-11-29 11:11:12,635 ERROR [org.jboss.msc.service.fail] (MSC service thread 1-5) MSC000001: Failed to start service jboss.deployment.unit."ServerWS.war".INSTALL: org.jboss.msc.service.StartException in service jboss.deployment.unit."ServerWS.war".INSTALL: JBAS018733: Failed to process phase INSTALL of deployment "ServerWS.war"
	at org.jboss.as.server.deployment.DeploymentUnitPhaseService.start(DeploymentUnitPhaseService.java:166) [wildfly-server-8.0.0.Beta1.jar:8.0.0.Beta1]
	at org.jboss.msc.service.ServiceControllerImpl$StartTask.startService(ServiceControllerImpl.java:1944) [jboss-msc-1.2.0.Beta2.jar:1.2.0.Beta2]
	at org.jboss.msc.service.ServiceControllerImpl$StartTask.run(ServiceControllerImpl.java:1877) [jboss-msc-1.2.0.Beta2.jar:1.2.0.Beta2]
	at java.util.concurrent.ThreadPoolExecutor.runWorker(ThreadPoolExecutor.java:1145) [rt.jar:1.7.0_15]
	at java.util.concurrent.ThreadPoolExecutor$Worker.run(ThreadPoolExecutor.java:615) [rt.jar:1.7.0_15]
	at java.lang.Thread.run(Thread.java:722) [rt.jar:1.7.0_15]
Caused by: org.jboss.as.server.deployment.DeploymentUnitProcessingException: JBAS011030: Could not configure component ServerWS
	at org.jboss.as.ee.component.deployers.EEModuleConfigurationProcessor.deploy(EEModuleConfigurationProcessor.java:95)
	at org.jboss.as.server.deployment.DeploymentUnitPhaseService.start(DeploymentUnitPhaseService.java:159) [wildfly-server-8.0.0.Beta1.jar:8.0.0.Beta1]
	... 5 more
Caused by: org.jboss.as.server.deployment.DeploymentUnitProcessingException: JBAS014227: EJB ServerWS of type de.r2soft.space.server.ws.core.ServerWS must have public default constructor
	at org.jboss.as.ejb3.component.EJBValidationConfigurator.configure(EJBValidationConfigurator.java:62)
	at org.jboss.as.ee.component.deployers.EEModuleConfigurationProcessor.deploy(EEModuleConfigurationProcessor.java:81)
	... 6 more

2013-11-29 11:11:12,645 ERROR [org.jboss.as.controller.management-operation] (DeploymentScanner-threads - 2) JBAS014613: Operation ("deploy") failed - address: ([("deployment" => "ServerWS.war")]) - failure description: {
    "JBAS014671: Failed services" => {"jboss.deployment.unit.\"ServerWS.war\".INSTALL" => "org.jboss.msc.service.StartException in service jboss.deployment.unit.\"ServerWS.war\".INSTALL: JBAS018733: Failed to process phase INSTALL of deployment \"ServerWS.war\"
    Caused by: org.jboss.as.server.deployment.DeploymentUnitProcessingException: JBAS011030: Could not configure component ServerWS
    Caused by: org.jboss.as.server.deployment.DeploymentUnitProcessingException: JBAS014227: EJB ServerWS of type de.r2soft.space.server.ws.core.ServerWS must have public default constructor"},
    "JBAS014771: Services with missing/unavailable dependencies" => [
        "jboss.deployment.unit.\"ServerWS.war\".weld.weldClassIntrospector is missing [jboss.deployment.unit.\"ServerWS.war\".beanmanager]",
        "jboss.deployment.unit.\"ServerWS.war\".batch is missing [jboss.deployment.unit.\"ServerWS.war\".beanmanager]"
    ]
}
2013-11-29 11:11:12,647 ERROR [org.jboss.as.server] (DeploymentScanner-threads - 2) JBAS015870: Deploy of deployment "ServerWS.war" was rolled back with the following failure message: 
{
    "JBAS014671: Failed services" => {"jboss.deployment.unit.\"ServerWS.war\".INSTALL" => "org.jboss.msc.service.StartException in service jboss.deployment.unit.\"ServerWS.war\".INSTALL: JBAS018733: Failed to process phase INSTALL of deployment \"ServerWS.war\"
    Caused by: org.jboss.as.server.deployment.DeploymentUnitProcessingException: JBAS011030: Could not configure component ServerWS
    Caused by: org.jboss.as.server.deployment.DeploymentUnitProcessingException: JBAS014227: EJB ServerWS of type de.r2soft.space.server.ws.core.ServerWS must have public default constructor"},
    "JBAS014771: Services with missing/unavailable dependencies" => [
        "jboss.deployment.unit.\"ServerWS.war\".weld.weldClassIntrospector is missing [jboss.deployment.unit.\"ServerWS.war\".beanmanager]",
        "jboss.deployment.unit.\"ServerWS.war\".batch is missing [jboss.deployment.unit.\"ServerWS.war\".beanmanager]"
    ]
}
2013-11-29 11:11:12,655 INFO  [org.jboss.as.server.deployment] (MSC service thread 1-5) JBAS015877: Stopped deployment ServerWS.war (runtime-name: ServerWS.war) in 8ms
2013-11-29 11:11:12,655 INFO  [org.jboss.as.controller] (DeploymentScanner-threads - 2) JBAS014774: Service status report
JBAS014777:   Services which failed to start:      service jboss.deployment.unit."ServerWS.war".INSTALL

2013-11-29 11:15:02,852 INFO  [org.jboss.as.server.deployment] (MSC service thread 1-4) JBAS015876: Starting deployment of "ServerWS.war" (runtime-name: "ServerWS.war")
2013-11-29 11:15:04,124 INFO  [org.jboss.weld.deployer] (MSC service thread 1-5) JBAS016002: Processing weld deployment ServerWS.war
2013-11-29 11:15:04,129 INFO  [org.jboss.as.ejb3.deployment.processors.EjbJndiBindingsDeploymentUnitProcessor] (MSC service thread 1-5) JNDI bindings for session bean named ServerWS in deployment unit deployment "ServerWS.war" are as follows:

	java:global/ServerWS/ServerWS!de.r2soft.space.server.ws.interfaces.ServerWSLocal
	java:app/ServerWS/ServerWS!de.r2soft.space.server.ws.interfaces.ServerWSLocal
	java:module/ServerWS!de.r2soft.space.server.ws.interfaces.ServerWSLocal
	java:global/ServerWS/ServerWS
	java:app/ServerWS/ServerWS
	java:module/ServerWS

2013-11-29 11:15:04,129 INFO  [org.jboss.as.ejb3.deployment.processors.EjbJndiBindingsDeploymentUnitProcessor] (MSC service thread 1-5) JNDI bindings for session bean named SessionManager in deployment unit deployment "ServerWS.war" are as follows:

	java:global/ServerWS/SessionManager!de.r2soft.space.server.ws.interfaces.SessionManagerLocal
	java:app/ServerWS/SessionManager!de.r2soft.space.server.ws.interfaces.SessionManagerLocal
	java:module/SessionManager!de.r2soft.space.server.ws.interfaces.SessionManagerLocal
	java:global/ServerWS/SessionManager
	java:app/ServerWS/SessionManager
	java:module/SessionManager

2013-11-29 11:15:04,140 ERROR [org.jboss.msc.service.fail] (MSC service thread 1-5) MSC000001: Failed to start service jboss.deployment.unit."ServerWS.war".INSTALL: org.jboss.msc.service.StartException in service jboss.deployment.unit."ServerWS.war".INSTALL: JBAS018733: Failed to process phase INSTALL of deployment "ServerWS.war"
	at org.jboss.as.server.deployment.DeploymentUnitPhaseService.start(DeploymentUnitPhaseService.java:166) [wildfly-server-8.0.0.Beta1.jar:8.0.0.Beta1]
	at org.jboss.msc.service.ServiceControllerImpl$StartTask.startService(ServiceControllerImpl.java:1944) [jboss-msc-1.2.0.Beta2.jar:1.2.0.Beta2]
	at org.jboss.msc.service.ServiceControllerImpl$StartTask.run(ServiceControllerImpl.java:1877) [jboss-msc-1.2.0.Beta2.jar:1.2.0.Beta2]
	at java.util.concurrent.ThreadPoolExecutor.runWorker(ThreadPoolExecutor.java:1145) [rt.jar:1.7.0_15]
	at java.util.concurrent.ThreadPoolExecutor$Worker.run(ThreadPoolExecutor.java:615) [rt.jar:1.7.0_15]
	at java.lang.Thread.run(Thread.java:722) [rt.jar:1.7.0_15]
Caused by: org.jboss.as.server.deployment.DeploymentUnitProcessingException: JBAS011030: Could not configure component ServerWS
	at org.jboss.as.ee.component.deployers.EEModuleConfigurationProcessor.deploy(EEModuleConfigurationProcessor.java:95)
	at org.jboss.as.server.deployment.DeploymentUnitPhaseService.start(DeploymentUnitPhaseService.java:159) [wildfly-server-8.0.0.Beta1.jar:8.0.0.Beta1]
	... 5 more
Caused by: org.jboss.as.server.deployment.DeploymentUnitProcessingException: JBAS014227: EJB ServerWS of type de.r2soft.space.server.ws.core.ServerWS must have public default constructor
	at org.jboss.as.ejb3.component.EJBValidationConfigurator.configure(EJBValidationConfigurator.java:62)
	at org.jboss.as.ee.component.deployers.EEModuleConfigurationProcessor.deploy(EEModuleConfigurationProcessor.java:81)
	... 6 more

2013-11-29 11:15:04,143 ERROR [org.jboss.as.controller.management-operation] (DeploymentScanner-threads - 2) JBAS014613: Operation ("deploy") failed - address: ([("deployment" => "ServerWS.war")]) - failure description: {
    "JBAS014671: Failed services" => {"jboss.deployment.unit.\"ServerWS.war\".INSTALL" => "org.jboss.msc.service.StartException in service jboss.deployment.unit.\"ServerWS.war\".INSTALL: JBAS018733: Failed to process phase INSTALL of deployment \"ServerWS.war\"
    Caused by: org.jboss.as.server.deployment.DeploymentUnitProcessingException: JBAS011030: Could not configure component ServerWS
    Caused by: org.jboss.as.server.deployment.DeploymentUnitProcessingException: JBAS014227: EJB ServerWS of type de.r2soft.space.server.ws.core.ServerWS must have public default constructor"},
    "JBAS014771: Services with missing/unavailable dependencies" => [
        "jboss.deployment.unit.\"ServerWS.war\".weld.weldClassIntrospector is missing [jboss.deployment.unit.\"ServerWS.war\".beanmanager]",
        "jboss.deployment.unit.\"ServerWS.war\".batch is missing [jboss.deployment.unit.\"ServerWS.war\".beanmanager]"
    ]
}
2013-11-29 11:15:04,145 ERROR [org.jboss.as.server] (DeploymentScanner-threads - 2) JBAS015870: Deploy of deployment "ServerWS.war" was rolled back with the following failure message: 
{
    "JBAS014671: Failed services" => {"jboss.deployment.unit.\"ServerWS.war\".INSTALL" => "org.jboss.msc.service.StartException in service jboss.deployment.unit.\"ServerWS.war\".INSTALL: JBAS018733: Failed to process phase INSTALL of deployment \"ServerWS.war\"
    Caused by: org.jboss.as.server.deployment.DeploymentUnitProcessingException: JBAS011030: Could not configure component ServerWS
    Caused by: org.jboss.as.server.deployment.DeploymentUnitProcessingException: JBAS014227: EJB ServerWS of type de.r2soft.space.server.ws.core.ServerWS must have public default constructor"},
    "JBAS014771: Services with missing/unavailable dependencies" => [
        "jboss.deployment.unit.\"ServerWS.war\".weld.weldClassIntrospector is missing [jboss.deployment.unit.\"ServerWS.war\".beanmanager]",
        "jboss.deployment.unit.\"ServerWS.war\".batch is missing [jboss.deployment.unit.\"ServerWS.war\".beanmanager]"
    ]
}
2013-11-29 11:15:04,154 INFO  [org.jboss.as.server.deployment] (MSC service thread 1-8) JBAS015877: Stopped deployment ServerWS.war (runtime-name: ServerWS.war) in 9ms
2013-11-29 11:15:04,154 INFO  [org.jboss.as.controller] (DeploymentScanner-threads - 2) JBAS014774: Service status report
JBAS014777:   Services which failed to start:      service jboss.deployment.unit."ServerWS.war".INSTALL

