2014-09-23 11:35:25,343 [Worker-7] INFO  o.e.m.c.i.l.LifecycleMappingFactory - Using NULL lifecycle mapping for MavenProject: de.r2soft.empires.client:Client:Alpha-1.3 @ /Users/SpaceKookie/Documents/Projects/R2Soft/InterstellarEmpires/Game/Client/pom.xml.
2014-09-23 11:35:28,497 [Worker-9] INFO  o.e.m.c.i.l.LifecycleMappingFactory - Using org.eclipse.m2e.jdt.JarLifecycleMapping lifecycle mapping for MavenProject: de.r2soft.empires.framework:Framework:Alpha-1.1 @ /Users/SpaceKookie/Documents/Projects/R2Soft/InterstellarEmpires/Game/Framework/pom.xml.
2014-09-23 11:35:29,626 [Worker-9] INFO  o.e.m.c.i.embedder.EclipseLogger - Using 'UTF-8' encoding to copy filtered resources.
2014-09-23 11:35:29,626 [Worker-9] INFO  o.e.m.c.i.embedder.EclipseLogger - skip non existing resourceDirectory /Users/SpaceKookie/Documents/Projects/R2Soft/InterstellarEmpires/Game/Framework/src/main/resources
2014-09-23 11:35:29,628 [Worker-9] INFO  o.e.m.c.i.embedder.EclipseLogger - Using 'UTF-8' encoding to copy filtered resources.
2014-09-23 11:35:29,628 [Worker-9] INFO  o.e.m.c.i.embedder.EclipseLogger - skip non existing resourceDirectory /Users/SpaceKookie/Documents/Projects/R2Soft/InterstellarEmpires/Game/Framework/src/test/resources
2014-09-23 11:35:29,771 [Worker-9] INFO  o.e.m.c.i.l.LifecycleMappingFactory - Using org.eclipse.m2e.jdt.JarLifecycleMapping lifecycle mapping for MavenProject: de.r2soft.engines.r2d:R2DEngine:0.1 @ /Users/SpaceKookie/Documents/Projects/R2Soft/InterstellarEmpires/Game/R2D/pom.xml.
2014-09-23 11:35:30,472 [Worker-9] INFO  o.e.m.c.i.embedder.EclipseLogger - Using 'UTF-8' encoding to copy filtered resources.
2014-09-23 11:35:30,472 [Worker-9] INFO  o.e.m.c.i.embedder.EclipseLogger - skip non existing resourceDirectory /Users/SpaceKookie/Documents/Projects/R2Soft/InterstellarEmpires/Game/R2D/src/main/resources
2014-09-23 11:35:30,474 [Worker-9] INFO  o.e.m.c.i.embedder.EclipseLogger - Using 'UTF-8' encoding to copy filtered resources.
2014-09-23 11:35:30,474 [Worker-9] INFO  o.e.m.c.i.embedder.EclipseLogger - skip non existing resourceDirectory /Users/SpaceKookie/Documents/Projects/R2Soft/InterstellarEmpires/Game/R2D/src/test/resources
2014-09-23 11:35:31,384 [Worker-12] INFO  o.e.m.c.i.embedder.EclipseLogger - Using 'UTF-8' encoding to copy filtered resources.
2014-09-23 11:35:31,385 [Worker-12] INFO  o.e.m.c.i.embedder.EclipseLogger - skip non existing resourceDirectory /Users/SpaceKookie/Documents/Projects/R2Soft/InterstellarEmpires/Game/Framework/src/main/resources
2014-09-23 11:35:31,387 [Worker-12] INFO  o.e.m.c.i.embedder.EclipseLogger - Using 'UTF-8' encoding to copy filtered resources.
2014-09-23 11:35:31,387 [Worker-12] INFO  o.e.m.c.i.embedder.EclipseLogger - skip non existing resourceDirectory /Users/SpaceKookie/Documents/Projects/R2Soft/InterstellarEmpires/Game/Framework/src/test/resources
2014-09-23 11:35:31,589 [Worker-12] INFO  o.e.m.c.i.embedder.EclipseLogger - Using 'UTF-8' encoding to copy filtered resources.
2014-09-23 11:35:31,590 [Worker-12] INFO  o.e.m.c.i.embedder.EclipseLogger - skip non existing resourceDirectory /Users/SpaceKookie/Documents/Projects/R2Soft/InterstellarEmpires/Game/R2D/src/main/resources
2014-09-23 11:35:31,591 [Worker-12] INFO  o.e.m.c.i.embedder.EclipseLogger - Using 'UTF-8' encoding to copy filtered resources.
2014-09-23 11:35:31,591 [Worker-12] INFO  o.e.m.c.i.embedder.EclipseLogger - skip non existing resourceDirectory /Users/SpaceKookie/Documents/Projects/R2Soft/InterstellarEmpires/Game/R2D/src/test/resources
2014-09-23 11:38:39,804 [Worker-5] INFO  o.e.m.c.i.embedder.EclipseLogger - Using 'UTF-8' encoding to copy filtered resources.
2014-09-23 11:38:39,804 [Worker-5] INFO  o.e.m.c.i.embedder.EclipseLogger - skip non existing resourceDirectory /Users/SpaceKookie/Documents/Projects/R2Soft/InterstellarEmpires/Game/Framework/src/main/resources
2014-09-23 11:38:39,806 [Worker-5] INFO  o.e.m.c.i.embedder.EclipseLogger - Using 'UTF-8' encoding to copy filtered resources.
2014-09-23 11:38:39,806 [Worker-5] INFO  o.e.m.c.i.embedder.EclipseLogger - skip non existing resourceDirectory /Users/SpaceKookie/Documents/Projects/R2Soft/InterstellarEmpires/Game/Framework/src/test/resources
2014-09-23 11:38:39,859 [Worker-5] INFO  o.e.m.c.i.embedder.EclipseLogger - Using 'UTF-8' encoding to copy filtered resources.
2014-09-23 11:38:39,859 [Worker-5] INFO  o.e.m.c.i.embedder.EclipseLogger - skip non existing resourceDirectory /Users/SpaceKookie/Documents/Projects/R2Soft/InterstellarEmpires/Game/R2D/src/main/resources
2014-09-23 11:38:39,860 [Worker-5] INFO  o.e.m.c.i.embedder.EclipseLogger - Using 'UTF-8' encoding to copy filtered resources.
2014-09-23 11:38:39,860 [Worker-5] INFO  o.e.m.c.i.embedder.EclipseLogger - skip non existing resourceDirectory /Users/SpaceKookie/Documents/Projects/R2Soft/InterstellarEmpires/Game/R2D/src/test/resources
2014-09-23 11:41:48,522 [Worker-1] INFO  o.e.m.c.i.embedder.EclipseLogger - Using 'UTF-8' encoding to copy filtered resources.
2014-09-23 11:41:48,522 [Worker-1] INFO  o.e.m.c.i.embedder.EclipseLogger - skip non existing resourceDirectory /Users/SpaceKookie/Documents/Projects/R2Soft/InterstellarEmpires/Game/Framework/src/main/resources
2014-09-23 11:41:48,524 [Worker-1] INFO  o.e.m.c.i.embedder.EclipseLogger - Using 'UTF-8' encoding to copy filtered resources.
2014-09-23 11:41:48,524 [Worker-1] INFO  o.e.m.c.i.embedder.EclipseLogger - skip non existing resourceDirectory /Users/SpaceKookie/Documents/Projects/R2Soft/InterstellarEmpires/Game/Framework/src/test/resources
2014-09-23 11:41:48,586 [Worker-1] INFO  o.e.m.c.i.embedder.EclipseLogger - Using 'UTF-8' encoding to copy filtered resources.
2014-09-23 11:41:48,586 [Worker-1] INFO  o.e.m.c.i.embedder.EclipseLogger - skip non existing resourceDirectory /Users/SpaceKookie/Documents/Projects/R2Soft/InterstellarEmpires/Game/R2D/src/main/resources
2014-09-23 11:41:48,591 [Worker-1] INFO  o.e.m.c.i.embedder.EclipseLogger - Using 'UTF-8' encoding to copy filtered resources.
2014-09-23 11:41:48,591 [Worker-1] INFO  o.e.m.c.i.embedder.EclipseLogger - skip non existing resourceDirectory /Users/SpaceKookie/Documents/Projects/R2Soft/InterstellarEmpires/Game/R2D/src/test/resources
